<?xml version="1.0" encoding="UTF-8" standalone="yes"?><!DOCTYPE report PUBLIC "-//JACOCO//DTD Report 1.1//EN" "report.dtd"><report name="xisnove"><sessioninfo id="ubuntu-Dell-G15-5520-a1bd700d" start="1684954201538" dump="1684954201932"/><package name="br/usp/larc/Benchmark"><class name="br/usp/larc/Benchmark/Benchmarks" sourcefilename="Benchmarks.java"><method name="&lt;init&gt;" desc="()V" line="8"><counter type="INSTRUCTION" missed="3" covered="0"/><counter type="LINE" missed="1" covered="0"/><counter type="COMPLEXITY" missed="1" covered="0"/><counter type="METHOD" missed="1" covered="0"/></method><method name="main" desc="([Ljava/lang/String;)V" line="11"><counter type="INSTRUCTION" missed="19" covered="0"/><counter type="LINE" missed="10" covered="0"/><counter type="COMPLEXITY" missed="1" covered="0"/><counter type="METHOD" missed="1" covered="0"/></method><method name="runXisnove" desc="()[D" line="26"><counter type="INSTRUCTION" missed="30" covered="0"/><counter type="BRANCH" missed="2" covered="0"/><counter type="LINE" missed="9" covered="0"/><counter type="COMPLEXITY" missed="2" covered="0"/><counter type="METHOD" missed="1" covered="0"/></method><method name="runBenchmark10" desc="()[D" line="42"><counter type="INSTRUCTION" missed="21" covered="0"/><counter type="BRANCH" missed="2" covered="0"/><counter type="LINE" missed="6" covered="0"/><counter type="COMPLEXITY" missed="2" covered="0"/><counter type="METHOD" missed="1" covered="0"/></method><method name="runBenchmark100" desc="()[D" line="52"><counter type="INSTRUCTION" missed="21" covered="0"/><counter type="BRANCH" missed="2" covered="0"/><counter type="LINE" missed="6" covered="0"/><counter type="COMPLEXITY" missed="2" covered="0"/><counter type="METHOD" missed="1" covered="0"/></method><method name="runBenchmark1000" desc="()[D" line="62"><counter type="INSTRUCTION" missed="21" covered="0"/><counter type="BRANCH" missed="2" covered="0"/><counter type="LINE" missed="6" covered="0"/><counter type="COMPLEXITY" missed="2" covered="0"/><counter type="METHOD" missed="1" covered="0"/></method><method name="getAvgStddev" desc="([J)[D" line="73"><counter type="INSTRUCTION" missed="78" covered="0"/><counter type="BRANCH" missed="4" covered="0"/><counter type="LINE" missed="11" covered="0"/><counter type="COMPLEXITY" missed="3" covered="0"/><counter type="METHOD" missed="1" covered="0"/></method><method name="calculateBoxPlotValues" desc="([J)[D" line="95"><counter type="INSTRUCTION" missed="107" covered="0"/><counter type="BRANCH" missed="6" covered="0"/><counter type="LINE" missed="16" covered="0"/><counter type="COMPLEXITY" missed="4" covered="0"/><counter type="METHOD" missed="1" covered="0"/></method><method name="calculateMedian" desc="([J)D" line="124"><counter type="INSTRUCTION" missed="31" covered="0"/><counter type="BRANCH" missed="2" covered="0"/><counter type="LINE" missed="4" covered="0"/><counter type="COMPLEXITY" missed="2" covered="0"/><counter type="METHOD" missed="1" covered="0"/></method><method name="printStatsArray" desc="([D)V" line="133"><counter type="INSTRUCTION" missed="22" covered="0"/><counter type="BRANCH" missed="2" covered="0"/><counter type="LINE" missed="3" covered="0"/><counter type="COMPLEXITY" missed="2" covered="0"/><counter type="METHOD" missed="1" covered="0"/></method><counter type="INSTRUCTION" missed="353" covered="0"/><counter type="BRANCH" missed="22" covered="0"/><counter type="LINE" missed="72" covered="0"/><counter type="COMPLEXITY" missed="21" covered="0"/><counter type="METHOD" missed="10" covered="0"/><counter type="CLASS" missed="1" covered="0"/></class><class name="br/usp/larc/Benchmark/BenchmarkInstrumented1000" sourcefilename="BenchmarkInstrumented1000.java"><method name="&lt;init&gt;" desc="()V" line="6"><counter type="INSTRUCTION" missed="3" covered="0"/><counter type="LINE" missed="1" covered="0"/><counter type="COMPLEXITY" missed="1" covered="0"/><counter type="METHOD" missed="1" covered="0"/></method><method name="main" desc="()J" line="17"><counter type="INSTRUCTION" missed="25014" covered="0"/><counter type="BRANCH" missed="3200" covered="0"/><counter type="LINE" missed="4005" covered="0"/><counter type="COMPLEXITY" missed="1601" covered="0"/><counter type="METHOD" missed="1" covered="0"/></method><method name="&lt;clinit&gt;" desc="()V" line="8"><counter type="INSTRUCTION" missed="13" covered="0"/><counter type="LINE" missed="4" covered="0"/><counter type="COMPLEXITY" missed="1" covered="0"/><counter type="METHOD" missed="1" covered="0"/></method><counter type="INSTRUCTION" missed="25030" covered="0"/><counter type="BRANCH" missed="3200" covered="0"/><counter type="LINE" missed="4010" covered="0"/><counter type="COMPLEXITY" missed="1603" covered="0"/><counter type="METHOD" missed="3" covered="0"/><counter type="CLASS" missed="1" covered="0"/></class><class name="br/usp/larc/Benchmark/Methods" sourcefilename="Methods.java"><method name="&lt;init&gt;" desc="()V" line="3"><counter type="INSTRUCTION" missed="3" covered="0"/><counter type="LINE" missed="1" covered="0"/><counter type="COMPLEXITY" missed="1" covered="0"/><counter type="METHOD" missed="1" covered="0"/></method><method name="main" desc="([Ljava/lang/String;)V" line="14"><counter type="INSTRUCTION" missed="15" covered="0"/><counter type="BRANCH" missed="4" covered="0"/><counter type="LINE" missed="4" covered="0"/><counter type="COMPLEXITY" missed="3" covered="0"/><counter type="METHOD" missed="1" covered="0"/></method><method name="funcaoNestedIfs" desc="()V" line="21"><counter type="INSTRUCTION" missed="26" covered="0"/><counter type="BRANCH" missed="8" covered="0"/><counter type="LINE" missed="7" covered="0"/><counter type="COMPLEXITY" missed="5" covered="0"/><counter type="METHOD" missed="1" covered="0"/></method><method name="getA" desc="()Ljava/lang/Integer;" line="33"><counter type="INSTRUCTION" missed="2" covered="0"/><counter type="LINE" missed="1" covered="0"/><counter type="COMPLEXITY" missed="1" covered="0"/><counter type="METHOD" missed="1" covered="0"/></method><method name="funcaoIfElseNested" desc="()V" line="38"><counter type="INSTRUCTION" missed="23" covered="0"/><counter type="BRANCH" missed="6" covered="0"/><counter type="LINE" missed="7" covered="0"/><counter type="COMPLEXITY" missed="4" covered="0"/><counter type="METHOD" missed="1" covered="0"/></method><method name="funcaoIfElseIf" desc="()V" line="52"><counter type="INSTRUCTION" missed="34" covered="0"/><counter type="BRANCH" missed="8" covered="0"/><counter type="LINE" missed="9" covered="0"/><counter type="COMPLEXITY" missed="5" covered="0"/><counter type="METHOD" missed="1" covered="0"/></method><method name="funcaoIfmultiplasCondicoes" desc="()V" line="66"><counter type="INSTRUCTION" missed="17" covered="0"/><counter type="BRANCH" missed="6" covered="0"/><counter type="LINE" missed="4" covered="0"/><counter type="COMPLEXITY" missed="4" covered="0"/><counter type="METHOD" missed="1" covered="0"/></method><method name="funcaoIfTryCatch" desc="()V" line="74"><counter type="INSTRUCTION" missed="13" covered="0"/><counter type="BRANCH" missed="2" covered="0"/><counter type="LINE" missed="6" covered="0"/><counter type="COMPLEXITY" missed="2" covered="0"/><counter type="METHOD" missed="1" covered="0"/></method><method name="funcaoIfElseTryCatch" desc="()V" line="83"><counter type="INSTRUCTION" missed="32" covered="0"/><counter type="BRANCH" missed="6" covered="0"/><counter type="LINE" missed="10" covered="0"/><counter type="COMPLEXITY" missed="4" covered="0"/><counter type="METHOD" missed="1" covered="0"/></method><method name="funcaoIfNestedTryCatch" desc="()V" line="101"><counter type="INSTRUCTION" missed="24" covered="0"/><counter type="BRANCH" missed="6" covered="0"/><counter type="LINE" missed="10" covered="0"/><counter type="COMPLEXITY" missed="4" covered="0"/><counter type="METHOD" missed="1" covered="0"/></method><method name="funcaoTernarioNested" desc="()V" line="116"><counter type="INSTRUCTION" missed="39" covered="0"/><counter type="BRANCH" missed="10" covered="0"/><counter type="LINE" missed="6" covered="0"/><counter type="COMPLEXITY" missed="6" covered="0"/><counter type="METHOD" missed="1" covered="0"/></method><method name="funcaoForWhile" desc="()V" line="126"><counter type="INSTRUCTION" missed="40" covered="0"/><counter type="BRANCH" missed="8" covered="0"/><counter type="LINE" missed="10" covered="0"/><counter type="COMPLEXITY" missed="5" covered="0"/><counter type="METHOD" missed="1" covered="0"/></method><method name="funcaoSwitch" desc="(ZI)Ljava/lang/Boolean;" line="142"><counter type="INSTRUCTION" missed="10" covered="0"/><counter type="BRANCH" missed="4" covered="0"/><counter type="LINE" missed="5" covered="0"/><counter type="COMPLEXITY" missed="4" covered="0"/><counter type="METHOD" missed="1" covered="0"/></method><method name="funcaoSwitchNested" desc="(ZI)Ljava/lang/Boolean;" line="156"><counter type="INSTRUCTION" missed="38" covered="0"/><counter type="BRANCH" missed="12" covered="0"/><counter type="LINE" missed="12" covered="0"/><counter type="COMPLEXITY" missed="8" covered="0"/><counter type="METHOD" missed="1" covered="0"/></method><method name="&lt;clinit&gt;" desc="()V" line="5"><counter type="INSTRUCTION" missed="13" covered="0"/><counter type="LINE" missed="4" covered="0"/><counter type="COMPLEXITY" missed="1" covered="0"/><counter type="METHOD" missed="1" covered="0"/></method><counter type="INSTRUCTION" missed="329" covered="0"/><counter type="BRANCH" missed="80" covered="0"/><counter type="LINE" missed="96" covered="0"/><counter type="COMPLEXITY" missed="57" covered="0"/><counter type="METHOD" missed="15" covered="0"/><counter type="CLASS" missed="1" covered="0"/></class><class name="br/usp/larc/Benchmark/Benchmark1000" sourcefilename="Benchmark1000.java"><method name="&lt;init&gt;" desc="()V" line="3"><counter type="INSTRUCTION" missed="3" covered="0"/><counter type="LINE" missed="1" covered="0"/><counter type="COMPLEXITY" missed="1" covered="0"/><counter type="METHOD" missed="1" covered="0"/></method><method name="main" desc="()J" line="10"><counter type="INSTRUCTION" missed="10414" covered="0"/><counter type="BRANCH" missed="2000" covered="0"/><counter type="LINE" missed="3005" covered="0"/><counter type="COMPLEXITY" missed="1001" covered="0"/><counter type="METHOD" missed="1" covered="0"/></method><method name="&lt;clinit&gt;" desc="()V" line="4"><counter type="INSTRUCTION" missed="13" covered="0"/><counter type="LINE" missed="4" covered="0"/><counter type="COMPLEXITY" missed="1" covered="0"/><counter type="METHOD" missed="1" covered="0"/></method><counter type="INSTRUCTION" missed="10430" covered="0"/><counter type="BRANCH" missed="2000" covered="0"/><counter type="LINE" missed="3010" covered="0"/><counter type="COMPLEXITY" missed="1003" covered="0"/><counter type="METHOD" missed="3" covered="0"/><counter type="CLASS" missed="1" covered="0"/></class><class name="br/usp/larc/Benchmark/Benchmark100" sourcefilename="Benchmark100.java"><method name="&lt;init&gt;" desc="()V" line="3"><counter type="INSTRUCTION" missed="3" covered="0"/><counter type="LINE" missed="1" covered="0"/><counter type="COMPLEXITY" missed="1" covered="0"/><counter type="METHOD" missed="1" covered="0"/></method><method name="main" desc="()J" line="10"><counter type="INSTRUCTION" missed="1054" covered="0"/><counter type="BRANCH" missed="200" covered="0"/><counter type="LINE" missed="305" covered="0"/><counter type="COMPLEXITY" missed="101" covered="0"/><counter type="METHOD" missed="1" covered="0"/></method><method name="&lt;clinit&gt;" desc="()V" line="4"><counter type="INSTRUCTION" missed="13" covered="0"/><counter type="LINE" missed="4" covered="0"/><counter type="COMPLEXITY" missed="1" covered="0"/><counter type="METHOD" missed="1" covered="0"/></method><counter type="INSTRUCTION" missed="1070" covered="0"/><counter type="BRANCH" missed="200" covered="0"/><counter type="LINE" missed="310" covered="0"/><counter type="COMPLEXITY" missed="103" covered="0"/><counter type="METHOD" missed="3" covered="0"/><counter type="CLASS" missed="1" covered="0"/></class><class name="br/usp/larc/Benchmark/Benchmark10" sourcefilename="Benchmark10.java"><method name="&lt;init&gt;" desc="()V" line="3"><counter type="INSTRUCTION" missed="3" covered="0"/><counter type="LINE" missed="1" covered="0"/><counter type="COMPLEXITY" missed="1" covered="0"/><counter type="METHOD" missed="1" covered="0"/></method><method name="main" desc="()J" line="10"><counter type="INSTRUCTION" missed="118" covered="0"/><counter type="BRANCH" missed="20" covered="0"/><counter type="LINE" missed="35" covered="0"/><counter type="COMPLEXITY" missed="11" covered="0"/><counter type="METHOD" missed="1" covered="0"/></method><method name="&lt;clinit&gt;" desc="()V" line="4"><counter type="INSTRUCTION" missed="13" covered="0"/><counter type="LINE" missed="4" covered="0"/><counter type="COMPLEXITY" missed="1" covered="0"/><counter type="METHOD" missed="1" covered="0"/></method><counter type="INSTRUCTION" missed="134" covered="0"/><counter type="BRANCH" missed="20" covered="0"/><counter type="LINE" missed="40" covered="0"/><counter type="COMPLEXITY" missed="13" covered="0"/><counter type="METHOD" missed="3" covered="0"/><counter type="CLASS" missed="1" covered="0"/></class><class name="br/usp/larc/Benchmark/BenchmarkInstrumented100" sourcefilename="BenchmarkInstrumented100.java"><method name="&lt;init&gt;" desc="()V" line="6"><counter type="INSTRUCTION" missed="3" covered="0"/><counter type="LINE" missed="1" covered="0"/><counter type="COMPLEXITY" missed="1" covered="0"/><counter type="METHOD" missed="1" covered="0"/></method><method name="main" desc="()J" line="17"><counter type="INSTRUCTION" missed="2514" covered="0"/><counter type="BRANCH" missed="320" covered="0"/><counter type="LINE" missed="405" covered="0"/><counter type="COMPLEXITY" missed="161" covered="0"/><counter type="METHOD" missed="1" covered="0"/></method><method name="&lt;clinit&gt;" desc="()V" line="8"><counter type="INSTRUCTION" missed="13" covered="0"/><counter type="LINE" missed="4" covered="0"/><counter type="COMPLEXITY" missed="1" covered="0"/><counter type="METHOD" missed="1" covered="0"/></method><counter type="INSTRUCTION" missed="2530" covered="0"/><counter type="BRANCH" missed="320" covered="0"/><counter type="LINE" missed="410" covered="0"/><counter type="COMPLEXITY" missed="163" covered="0"/><counter type="METHOD" missed="3" covered="0"/><counter type="CLASS" missed="1" covered="0"/></class><class name="br/usp/larc/Benchmark/BenchmarkInstrumented10" sourcefilename="BenchmarkInstrumented10.java"><method name="&lt;init&gt;" desc="()V" line="6"><counter type="INSTRUCTION" missed="3" covered="0"/><counter type="LINE" missed="1" covered="0"/><counter type="COMPLEXITY" missed="1" covered="0"/><counter type="METHOD" missed="1" covered="0"/></method><method name="main" desc="()J" line="17"><counter type="INSTRUCTION" missed="264" covered="0"/><counter type="BRANCH" missed="32" covered="0"/><counter type="LINE" missed="45" covered="0"/><counter type="COMPLEXITY" missed="17" covered="0"/><counter type="METHOD" missed="1" covered="0"/></method><method name="&lt;clinit&gt;" desc="()V" line="8"><counter type="INSTRUCTION" missed="13" covered="0"/><counter type="LINE" missed="4" covered="0"/><counter type="COMPLEXITY" missed="1" covered="0"/><counter type="METHOD" missed="1" covered="0"/></method><counter type="INSTRUCTION" missed="280" covered="0"/><counter type="BRANCH" missed="32" covered="0"/><counter type="LINE" missed="50" covered="0"/><counter type="COMPLEXITY" missed="19" covered="0"/><counter type="METHOD" missed="3" covered="0"/><counter type="CLASS" missed="1" covered="0"/></class><sourcefile name="Methods.java"><line nr="3" mi="3" ci="0" mb="0" cb="0"/><line nr="5" mi="3" ci="0" mb="0" cb="0"/><line nr="7" mi="3" ci="0" mb="0" cb="0"/><line nr="9" mi="3" ci="0" mb="0" cb="0"/><line nr="11" mi="4" ci="0" mb="0" cb="0"/><line nr="14" mi="3" ci="0" mb="0" cb="0"/><line nr="15" mi="8" ci="0" mb="4" cb="0"/><line nr="16" mi="3" ci="0" mb="0" cb="0"/><line nr="18" mi="1" ci="0" mb="0" cb="0"/><line nr="21" mi="8" ci="0" mb="4" cb="0"/><line nr="22" mi="3" ci="0" mb="0" cb="0"/><line nr="23" mi="4" ci="0" mb="2" cb="0"/><line nr="24" mi="3" ci="0" mb="0" cb="0"/><line nr="25" mi="4" ci="0" mb="2" cb="0"/><line nr="26" mi="3" ci="0" mb="0" cb="0"/><line nr="30" mi="1" ci="0" mb="0" cb="0"/><line nr="33" mi="2" ci="0" mb="0" cb="0"/><line nr="38" mi="4" ci="0" mb="2" cb="0"/><line nr="39" mi="4" ci="0" mb="0" cb="0"/><line nr="41" mi="4" ci="0" mb="2" cb="0"/><line nr="42" mi="3" ci="0" mb="0" cb="0"/><line nr="44" mi="4" ci="0" mb="2" cb="0"/><line nr="45" mi="3" ci="0" mb="0" cb="0"/><line nr="48" mi="1" ci="0" mb="0" cb="0"/><line nr="52" mi="3" ci="0" mb="0" cb="0"/><line nr="53" mi="4" ci="0" mb="2" cb="0"/><line nr="54" mi="4" ci="0" mb="0" cb="0"/><line nr="55" mi="8" ci="0" mb="4" cb="0"/><line nr="56" mi="4" ci="0" mb="0" cb="0"/><line nr="57" mi="3" ci="0" mb="2" cb="0"/><line nr="58" mi="4" ci="0" mb="0" cb="0"/><line nr="60" mi="3" ci="0" mb="0" cb="0"/><line nr="62" mi="1" ci="0" mb="0" cb="0"/><line nr="66" mi="6" ci="0" mb="4" cb="0"/><line nr="67" mi="3" ci="0" mb="0" cb="0"/><line nr="69" mi="7" ci="0" mb="2" cb="0"/><line nr="70" mi="1" ci="0" mb="0" cb="0"/><line nr="74" mi="4" ci="0" mb="2" cb="0"/><line nr="75" mi="3" ci="0" mb="0" cb="0"/><line nr="77" mi="1" ci="0" mb="0" cb="0"/><line nr="78" mi="3" ci="0" mb="0" cb="0"/><line nr="79" mi="1" ci="0" mb="0" cb="0"/><line nr="80" mi="1" ci="0" mb="0" cb="0"/><line nr="83" mi="8" ci="0" mb="4" cb="0"/><line nr="84" mi="4" ci="0" mb="0" cb="0"/><line nr="86" mi="3" ci="0" mb="0" cb="0"/><line nr="89" mi="3" ci="0" mb="0" cb="0"/><line nr="90" mi="5" ci="0" mb="2" cb="0"/><line nr="91" mi="3" ci="0" mb="0" cb="0"/><line nr="93" mi="1" ci="0" mb="0" cb="0"/><line nr="94" mi="3" ci="0" mb="0" cb="0"/><line nr="95" mi="1" ci="0" mb="0" cb="0"/><line nr="97" mi="1" ci="0" mb="0" cb="0"/><line nr="101" mi="6" ci="0" mb="4" cb="0"/><line nr="103" mi="4" ci="0" mb="2" cb="0"/><line nr="104" mi="3" ci="0" mb="0" cb="0"/><line nr="106" mi="1" ci="0" mb="0" cb="0"/><line nr="107" mi="3" ci="0" mb="0" cb="0"/><line nr="108" mi="1" ci="0" mb="0" cb="0"/><line nr="110" mi="1" ci="0" mb="0" cb="0"/><line nr="111" mi="3" ci="0" mb="0" cb="0"/><line nr="112" mi="1" ci="0" mb="0" cb="0"/><line nr="113" mi="1" ci="0" mb="0" cb="0"/><line nr="116" mi="10" ci="0" mb="4" cb="0"/><line nr="117" mi="3" ci="0" mb="2" cb="0"/><line nr="118" mi="3" ci="0" mb="0" cb="0"/><line nr="120" mi="15" ci="0" mb="2" cb="0"/><line nr="121" mi="7" ci="0" mb="2" cb="0"/><line nr="123" mi="1" ci="0" mb="0" cb="0"/><line nr="126" mi="3" ci="0" mb="0" cb="0"/><line nr="127" mi="7" ci="0" mb="2" cb="0"/><line nr="128" mi="3" ci="0" mb="0" cb="0"/><line nr="130" mi="13" ci="0" mb="4" cb="0"/><line nr="131" mi="3" ci="0" mb="0" cb="0"/><line nr="133" mi="2" ci="0" mb="0" cb="0"/><line nr="134" mi="3" ci="0" mb="2" cb="0"/><line nr="135" mi="3" ci="0" mb="0" cb="0"/><line nr="136" mi="2" ci="0" mb="0" cb="0"/><line nr="138" mi="1" ci="0" mb="0" cb="0"/><line nr="142" mi="4" ci="0" mb="4" cb="0"/><line nr="144" mi="1" ci="0" mb="0" cb="0"/><line nr="146" mi="1" ci="0" mb="0" cb="0"/><line nr="148" mi="1" ci="0" mb="0" cb="0"/><line nr="152" mi="3" ci="0" mb="0" cb="0"/><line nr="156" mi="2" ci="0" mb="2" cb="0"/><line nr="157" mi="7" ci="0" mb="2" cb="0"/><line nr="159" mi="4" ci="0" mb="4" cb="0"/><line nr="161" mi="1" ci="0" mb="0" cb="0"/><line nr="164" mi="3" ci="0" mb="0" cb="0"/><line nr="165" mi="2" ci="0" mb="2" cb="0"/><line nr="166" mi="4" ci="0" mb="0" cb="0"/><line nr="170" mi="1" ci="0" mb="0" cb="0"/><line nr="172" mi="4" ci="0" mb="2" cb="0"/><line nr="173" mi="4" ci="0" mb="0" cb="0"/><line nr="176" mi="3" ci="0" mb="0" cb="0"/><line nr="180" mi="3" ci="0" mb="0" cb="0"/><counter type="INSTRUCTION" missed="329" covered="0"/><counter type="BRANCH" missed="80" covered="0"/><counter type="LINE" missed="96" covered="0"/><counter type="COMPLEXITY" missed="57" covered="0"/><counter type="METHOD" missed="15" covered="0"/><counter type="CLASS" missed="1" covered="0"/></sourcefile><sourcefile name="Benchmark1000.java"><line nr="3" mi="3" ci="0" mb="0" cb="0"/><line nr="4" mi="3" ci="0" mb="0" cb="0"/><line nr="5" mi="3" ci="0" mb="0" cb="0"/><line nr="6" mi="3" ci="0" mb="0" cb="0"/><line nr="7" mi="4" ci="0" mb="0" cb="0"/><line nr="10" mi="2" ci="0" mb="0" cb="0"/><line nr="11" mi="4" ci="0" mb="2" cb="0"/><line nr="12" mi="4" ci="0" mb="0" cb="0"/><line nr="14" mi="3" ci="0" mb="0" cb="0"/><line nr="17" mi="4" ci="0" mb="2" cb="0"/><line nr="18" mi="4" ci="0" mb="0" cb="0"/><line nr="20" mi="3" ci="0" mb="0" cb="0"/><line nr="23" mi="3" ci="0" mb="2" cb="0"/><line nr="24" mi="4" ci="0" mb="0" cb="0"/><line nr="26" mi="3" ci="0" mb="0" cb="0"/><line nr="29" mi="3" ci="0" mb="2" cb="0"/><line nr="30" mi="4" ci="0" mb="0" cb="0"/><line nr="32" mi="3" ci="0" mb="0" cb="0"/><line nr="35" mi="3" ci="0" mb="2" cb="0"/><line nr="36" mi="4" ci="0" mb="0" cb="0"/><line nr="38" mi="3" ci="0" mb="0" cb="0"/><line nr="41" mi="4" ci="0" mb="2" cb="0"/><line nr="42" mi="4" ci="0" mb="0" cb="0"/><line nr="44" mi="3" ci="0" mb="0" cb="0"/><line nr="47" mi="4" ci="0" mb="2" cb="0"/><line nr="48" mi="4" ci="0" mb="0" cb="0"/><line nr="50" mi="3" ci="0" mb="0" cb="0"/><line nr="53" mi="3" ci="0" mb="2" cb="0"/><line nr="54" mi="4" ci="0" mb="0" cb="0"/><line nr="56" mi="3" ci="0" mb="0" cb="0"/><line nr="59" mi="3" ci="0" mb="2" cb="0"/><line nr="60" mi="4" ci="0" mb="0" cb="0"/><line nr="62" mi="3" ci="0" mb="0" cb="0"/><line nr="65" mi="3" ci="0" mb="2" cb="0"/><line nr="66" mi="4" ci="0" mb="0" cb="0"/><line nr="68" mi="3" ci="0" mb="0" cb="0"/><line nr="71" mi="4" ci="0" mb="2" cb="0"/><line nr="72" mi="4" ci="0" mb="0" cb="0"/><line nr="74" mi="3" ci="0" mb="0" cb="0"/><line nr="77" mi="4" ci="0" mb="2" cb="0"/><line nr="78" mi="4" ci="0" mb="0" cb="0"/><line nr="80" mi="3" ci="0" mb="0" cb="0"/><line nr="83" mi="3" ci="0" mb="2" cb="0"/><line nr="84" mi="4" ci="0" mb="0" cb="0"/><line nr="86" mi="3" ci="0" mb="0" cb="0"/><line nr="89" mi="3" ci="0" mb="2" cb="0"/><line nr="90" mi="4" ci="0" mb="0" cb="0"/><line nr="92" mi="3" ci="0" mb="0" cb="0"/><line nr="95" mi="3" ci="0" mb="2" cb="0"/><line nr="96" mi="4" ci="0" mb="0" cb="0"/><line nr="98" mi="3" ci="0" mb="0" cb="0"/><line nr="101" mi="4" ci="0" mb="2" cb="0"/><line nr="102" mi="4" ci="0" mb="0" cb="0"/><line nr="104" mi="3" ci="0" mb="0" cb="0"/><line nr="107" mi="4" ci="0" mb="2" cb="0"/><line nr="108" mi="4" ci="0" mb="0" cb="0"/><line nr="110" mi="3" ci="0" mb="0" cb="0"/><line nr="113" mi="3" ci="0" mb="2" cb="0"/><line nr="114" mi="4" ci="0" mb="0" cb="0"/><line nr="116" mi="3" ci="0" mb="0" cb="0"/><line nr="119" mi="3" ci="0" mb="2" cb="0"/><line nr="120" mi="4" ci="0" mb="0" cb="0"/><line nr="122" mi="3" ci="0" mb="0" cb="0"/><line nr="125" mi="3" ci="0" mb="2" cb="0"/><line nr="126" mi="4" ci="0" mb="0" cb="0"/><line nr="128" mi="3" ci="0" mb="0" cb="0"/><line nr="131" mi="4" ci="0" mb="2" cb="0"/><line nr="132" mi="4" ci="0" mb="0" cb="0"/><line nr="134" mi="3" ci="0" mb="0" cb="0"/><line nr="137" mi="4" ci="0" mb="2" cb="0"/><line nr="138" mi="4" ci="0" mb="0" cb="0"/><line nr="140" mi="3" ci="0" mb="0" cb="0"/><line nr="143" mi="3" ci="0" mb="2" cb="0"/><line nr="144" mi="4" ci="0" mb="0" cb="0"/><line nr="146" mi="3" ci="0" mb="0" cb="0"/><line nr="149" mi="3" ci="0" mb="2" cb="0"/><line nr="150" mi="4" ci="0" mb="0" cb="0"/><line nr="152" mi="3" ci="0" mb="0" cb="0"/><line nr="155" mi="3" ci="0" mb="2" cb="0"/><line nr="156" mi="4" ci="0" mb="0" cb="0"/><line nr="158" mi="3" ci="0" mb="0" cb="0"/><line nr="161" mi="4" ci="0" mb="2" cb="0"/><line nr="162" mi="4" ci="0" mb="0" cb="0"/><line nr="164" mi="3" ci="0" mb="0" cb="0"/><line nr="167" mi="4" ci="0" mb="2" cb="0"/><line nr="168" mi="4" ci="0" mb="0" cb="0"/><line nr="170" mi="3" ci="0" mb="0" cb="0"/><line nr="173" mi="3" ci="0" mb="2" cb="0"/><line nr="174" mi="4" ci="0" mb="0" cb="0"/><line nr="176" mi="3" ci="0" mb="0" cb="0"/><line nr="179" mi="3" ci="0" mb="2" cb="0"/><line nr="180" mi="4" ci="0" mb="0" cb="0"/><line nr="182" mi="3" ci="0" mb="0" cb="0"/><line nr="185" mi="3" ci="0" mb="2" cb="0"/><line nr="186" mi="4" ci="0" mb="0" cb="0"/><line nr="188" mi="3" ci="0" mb="0" cb="0"/><line nr="191" mi="4" ci="0" mb="2" cb="0"/><line nr="192" mi="4" ci="0" mb="0" cb="0"/><line nr="194" mi="3" ci="0" mb="0" cb="0"/><line nr="197" mi="4" ci="0" mb="2" cb="0"/><line nr="198" mi="4" ci="0" mb="0" cb="0"/><line nr="200" mi="3" ci="0" mb="0" cb="0"/><line nr="203" mi="3" ci="0" mb="2" cb="0"/><line nr="204" mi="4" ci="0" mb="0" cb="0"/><line nr="206" mi="3" ci="0" mb="0" cb="0"/><line nr="209" mi="3" ci="0" mb="2" cb="0"/><line nr="210" mi="4" ci="0" mb="0" cb="0"/><line nr="212" mi="3" ci="0" mb="0" cb="0"/><line nr="215" mi="3" ci="0" mb="2" cb="0"/><line nr="216" mi="4" ci="0" mb="0" cb="0"/><line nr="218" mi="3" ci="0" mb="0" cb="0"/><line nr="221" mi="4" ci="0" mb="2" cb="0"/><line nr="222" mi="4" ci="0" mb="0" cb="0"/><line nr="224" mi="3" ci="0" mb="0" cb="0"/><line nr="227" mi="4" ci="0" mb="2" cb="0"/><line nr="228" mi="4" ci="0" mb="0" cb="0"/><line nr="230" mi="3" ci="0" mb="0" cb="0"/><line nr="233" mi="3" ci="0" mb="2" cb="0"/><line nr="234" mi="4" ci="0" mb="0" cb="0"/><line nr="236" mi="3" ci="0" mb="0" cb="0"/><line nr="239" mi="3" ci="0" mb="2" cb="0"/><line nr="240" mi="4" ci="0" mb="0" cb="0"/><line nr="242" mi="3" ci="0" mb="0" cb="0"/><line nr="245" mi="3" ci="0" mb="2" cb="0"/><line nr="246" mi="4" ci="0" mb="0" cb="0"/><line nr="248" mi="3" ci="0" mb="0" cb="0"/><line nr="251" mi="4" ci="0" mb="2" cb="0"/><line nr="252" mi="4" ci="0" mb="0" cb="0"/><line nr="254" mi="3" ci="0" mb="0" cb="0"/><line nr="257" mi="4" ci="0" mb="2" cb="0"/><line nr="258" mi="4" ci="0" mb="0" cb="0"/><line nr="260" mi="3" ci="0" mb="0" cb="0"/><line nr="263" mi="3" ci="0" mb="2" cb="0"/><line nr="264" mi="4" ci="0" mb="0" cb="0"/><line nr="266" mi="3" ci="0" mb="0" cb="0"/><line nr="269" mi="3" ci="0" mb="2" cb="0"/><line nr="270" mi="4" ci="0" mb="0" cb="0"/><line nr="272" mi="3" ci="0" mb="0" cb="0"/><line nr="275" mi="3" ci="0" mb="2" cb="0"/><line nr="276" mi="4" ci="0" mb="0" cb="0"/><line nr="278" mi="3" ci="0" mb="0" cb="0"/><line nr="281" mi="4" ci="0" mb="2" cb="0"/><line nr="282" mi="4" ci="0" mb="0" cb="0"/><line nr="284" mi="3" ci="0" mb="0" cb="0"/><line nr="287" mi="4" ci="0" mb="2" cb="0"/><line nr="288" mi="4" ci="0" mb="0" cb="0"/><line nr="290" mi="3" ci="0" mb="0" cb="0"/><line nr="293" mi="3" ci="0" mb="2" cb="0"/><line nr="294" mi="4" ci="0" mb="0" cb="0"/><line nr="296" mi="3" ci="0" mb="0" cb="0"/><line nr="299" mi="3" ci="0" mb="2" cb="0"/><line nr="300" mi="4" ci="0" mb="0" cb="0"/><line nr="302" mi="3" ci="0" mb="0" cb="0"/><line nr="305" mi="3" ci="0" mb="2" cb="0"/><line nr="306" mi="4" ci="0" mb="0" cb="0"/><line nr="308" mi="3" ci="0" mb="0" cb="0"/><line nr="311" mi="4" ci="0" mb="2" cb="0"/><line nr="312" mi="4" ci="0" mb="0" cb="0"/><line nr="314" mi="3" ci="0" mb="0" cb="0"/><line nr="317" mi="4" ci="0" mb="2" cb="0"/><line nr="318" mi="4" ci="0" mb="0" cb="0"/><line nr="320" mi="3" ci="0" mb="0" cb="0"/><line nr="323" mi="3" ci="0" mb="2" cb="0"/><line nr="324" mi="4" ci="0" mb="0" cb="0"/><line nr="326" mi="3" ci="0" mb="0" cb="0"/><line nr="329" mi="3" ci="0" mb="2" cb="0"/><line nr="330" mi="4" ci="0" mb="0" cb="0"/><line nr="332" mi="3" ci="0" mb="0" cb="0"/><line nr="335" mi="3" ci="0" mb="2" cb="0"/><line nr="336" mi="4" ci="0" mb="0" cb="0"/><line nr="338" mi="3" ci="0" mb="0" cb="0"/><line nr="341" mi="4" ci="0" mb="2" cb="0"/><line nr="342" mi="4" ci="0" mb="0" cb="0"/><line nr="344" mi="3" ci="0" mb="0" cb="0"/><line nr="347" mi="4" ci="0" mb="2" cb="0"/><line nr="348" mi="4" ci="0" mb="0" cb="0"/><line nr="350" mi="3" ci="0" mb="0" cb="0"/><line nr="353" mi="3" ci="0" mb="2" cb="0"/><line nr="354" mi="4" ci="0" mb="0" cb="0"/><line nr="356" mi="3" ci="0" mb="0" cb="0"/><line nr="359" mi="3" ci="0" mb="2" cb="0"/><line nr="360" mi="4" ci="0" mb="0" cb="0"/><line nr="362" mi="3" ci="0" mb="0" cb="0"/><line nr="365" mi="3" ci="0" mb="2" cb="0"/><line nr="366" mi="4" ci="0" mb="0" cb="0"/><line nr="368" mi="3" ci="0" mb="0" cb="0"/><line nr="371" mi="4" ci="0" mb="2" cb="0"/><line nr="372" mi="4" ci="0" mb="0" cb="0"/><line nr="374" mi="3" ci="0" mb="0" cb="0"/><line nr="377" mi="4" ci="0" mb="2" cb="0"/><line nr="378" mi="4" ci="0" mb="0" cb="0"/><line nr="380" mi="3" ci="0" mb="0" cb="0"/><line nr="383" mi="3" ci="0" mb="2" cb="0"/><line nr="384" mi="4" ci="0" mb="0" cb="0"/><line nr="386" mi="3" ci="0" mb="0" cb="0"/><line nr="389" mi="3" ci="0" mb="2" cb="0"/><line nr="390" mi="4" ci="0" mb="0" cb="0"/><line nr="392" mi="3" ci="0" mb="0" cb="0"/><line nr="395" mi="3" ci="0" mb="2" cb="0"/><line nr="396" mi="4" ci="0" mb="0" cb="0"/><line nr="398" mi="3" ci="0" mb="0" cb="0"/><line nr="401" mi="4" ci="0" mb="2" cb="0"/><line nr="402" mi="4" ci="0" mb="0" cb="0"/><line nr="404" mi="3" ci="0" mb="0" cb="0"/><line nr="407" mi="4" ci="0" mb="2" cb="0"/><line nr="408" mi="4" ci="0" mb="0" cb="0"/><line nr="410" mi="3" ci="0" mb="0" cb="0"/><line nr="413" mi="3" ci="0" mb="2" cb="0"/><line nr="414" mi="4" ci="0" mb="0" cb="0"/><line nr="416" mi="3" ci="0" mb="0" cb="0"/><line nr="419" mi="3" ci="0" mb="2" cb="0"/><line nr="420" mi="4" ci="0" mb="0" cb="0"/><line nr="422" mi="3" ci="0" mb="0" cb="0"/><line nr="425" mi="3" ci="0" mb="2" cb="0"/><line nr="426" mi="4" ci="0" mb="0" cb="0"/><line nr="428" mi="3" ci="0" mb="0" cb="0"/><line nr="431" mi="4" ci="0" mb="2" cb="0"/><line nr="432" mi="4" ci="0" mb="0" cb="0"/><line nr="434" mi="3" ci="0" mb="0" cb="0"/><line nr="437" mi="4" ci="0" mb="2" cb="0"/><line nr="438" mi="4" ci="0" mb="0" cb="0"/><line nr="440" mi="3" ci="0" mb="0" cb="0"/><line nr="443" mi="3" ci="0" mb="2" cb="0"/><line nr="444" mi="4" ci="0" mb="0" cb="0"/><line nr="446" mi="3" ci="0" mb="0" cb="0"/><line nr="449" mi="3" ci="0" mb="2" cb="0"/><line nr="450" mi="4" ci="0" mb="0" cb="0"/><line nr="452" mi="3" ci="0" mb="0" cb="0"/><line nr="455" mi="3" ci="0" mb="2" cb="0"/><line nr="456" mi="4" ci="0" mb="0" cb="0"/><line nr="458" mi="3" ci="0" mb="0" cb="0"/><line nr="461" mi="4" ci="0" mb="2" cb="0"/><line nr="462" mi="4" ci="0" mb="0" cb="0"/><line nr="464" mi="3" ci="0" mb="0" cb="0"/><line nr="467" mi="4" ci="0" mb="2" cb="0"/><line nr="468" mi="4" ci="0" mb="0" cb="0"/><line nr="470" mi="3" ci="0" mb="0" cb="0"/><line nr="473" mi="3" ci="0" mb="2" cb="0"/><line nr="474" mi="4" ci="0" mb="0" cb="0"/><line nr="476" mi="3" ci="0" mb="0" cb="0"/><line nr="479" mi="3" ci="0" mb="2" cb="0"/><line nr="480" mi="4" ci="0" mb="0" cb="0"/><line nr="482" mi="3" ci="0" mb="0" cb="0"/><line nr="485" mi="3" ci="0" mb="2" cb="0"/><line nr="486" mi="4" ci="0" mb="0" cb="0"/><line nr="488" mi="3" ci="0" mb="0" cb="0"/><line nr="491" mi="4" ci="0" mb="2" cb="0"/><line nr="492" mi="4" ci="0" mb="0" cb="0"/><line nr="494" mi="3" ci="0" mb="0" cb="0"/><line nr="497" mi="4" ci="0" mb="2" cb="0"/><line nr="498" mi="4" ci="0" mb="0" cb="0"/><line nr="500" mi="3" ci="0" mb="0" cb="0"/><line nr="503" mi="3" ci="0" mb="2" cb="0"/><line nr="504" mi="4" ci="0" mb="0" cb="0"/><line nr="506" mi="3" ci="0" mb="0" cb="0"/><line nr="509" mi="3" ci="0" mb="2" cb="0"/><line nr="510" mi="4" ci="0" mb="0" cb="0"/><line nr="512" mi="3" ci="0" mb="0" cb="0"/><line nr="515" mi="3" ci="0" mb="2" cb="0"/><line nr="516" mi="4" ci="0" mb="0" cb="0"/><line nr="518" mi="3" ci="0" mb="0" cb="0"/><line nr="521" mi="4" ci="0" mb="2" cb="0"/><line nr="522" mi="4" ci="0" mb="0" cb="0"/><line nr="524" mi="3" ci="0" mb="0" cb="0"/><line nr="527" mi="4" ci="0" mb="2" cb="0"/><line nr="528" mi="4" ci="0" mb="0" cb="0"/><line nr="530" mi="3" ci="0" mb="0" cb="0"/><line nr="533" mi="3" ci="0" mb="2" cb="0"/><line nr="534" mi="4" ci="0" mb="0" cb="0"/><line nr="536" mi="3" ci="0" mb="0" cb="0"/><line nr="539" mi="3" ci="0" mb="2" cb="0"/><line nr="540" mi="4" ci="0" mb="0" cb="0"/><line nr="542" mi="3" ci="0" mb="0" cb="0"/><line nr="545" mi="3" ci="0" mb="2" cb="0"/><line nr="546" mi="4" ci="0" mb="0" cb="0"/><line nr="548" mi="3" ci="0" mb="0" cb="0"/><line nr="551" mi="4" ci="0" mb="2" cb="0"/><line nr="552" mi="4" ci="0" mb="0" cb="0"/><line nr="554" mi="3" ci="0" mb="0" cb="0"/><line nr="557" mi="4" ci="0" mb="2" cb="0"/><line nr="558" mi="4" ci="0" mb="0" cb="0"/><line nr="560" mi="3" ci="0" mb="0" cb="0"/><line nr="563" mi="3" ci="0" mb="2" cb="0"/><line nr="564" mi="4" ci="0" mb="0" cb="0"/><line nr="566" mi="3" ci="0" mb="0" cb="0"/><line nr="569" mi="3" ci="0" mb="2" cb="0"/><line nr="570" mi="4" ci="0" mb="0" cb="0"/><line nr="572" mi="3" ci="0" mb="0" cb="0"/><line nr="575" mi="3" ci="0" mb="2" cb="0"/><line nr="576" mi="4" ci="0" mb="0" cb="0"/><line nr="578" mi="3" ci="0" mb="0" cb="0"/><line nr="581" mi="4" ci="0" mb="2" cb="0"/><line nr="582" mi="4" ci="0" mb="0" cb="0"/><line nr="584" mi="3" ci="0" mb="0" cb="0"/><line nr="587" mi="4" ci="0" mb="2" cb="0"/><line nr="588" mi="4" ci="0" mb="0" cb="0"/><line nr="590" mi="3" ci="0" mb="0" cb="0"/><line nr="593" mi="3" ci="0" mb="2" cb="0"/><line nr="594" mi="4" ci="0" mb="0" cb="0"/><line nr="596" mi="3" ci="0" mb="0" cb="0"/><line nr="599" mi="3" ci="0" mb="2" cb="0"/><line nr="600" mi="4" ci="0" mb="0" cb="0"/><line nr="602" mi="3" ci="0" mb="0" cb="0"/><line nr="605" mi="3" ci="0" mb="2" cb="0"/><line nr="606" mi="4" ci="0" mb="0" cb="0"/><line nr="608" mi="3" ci="0" mb="0" cb="0"/><line nr="611" mi="4" ci="0" mb="2" cb="0"/><line nr="612" mi="4" ci="0" mb="0" cb="0"/><line nr="614" mi="3" ci="0" mb="0" cb="0"/><line nr="617" mi="4" ci="0" mb="2" cb="0"/><line nr="618" mi="4" ci="0" mb="0" cb="0"/><line nr="620" mi="3" ci="0" mb="0" cb="0"/><line nr="623" mi="3" ci="0" mb="2" cb="0"/><line nr="624" mi="4" ci="0" mb="0" cb="0"/><line nr="626" mi="3" ci="0" mb="0" cb="0"/><line nr="629" mi="3" ci="0" mb="2" cb="0"/><line nr="630" mi="4" ci="0" mb="0" cb="0"/><line nr="632" mi="3" ci="0" mb="0" cb="0"/><line nr="635" mi="3" ci="0" mb="2" cb="0"/><line nr="636" mi="4" ci="0" mb="0" cb="0"/><line nr="638" mi="3" ci="0" mb="0" cb="0"/><line nr="641" mi="4" ci="0" mb="2" cb="0"/><line nr="642" mi="4" ci="0" mb="0" cb="0"/><line nr="644" mi="3" ci="0" mb="0" cb="0"/><line nr="647" mi="4" ci="0" mb="2" cb="0"/><line nr="648" mi="4" ci="0" mb="0" cb="0"/><line nr="650" mi="3" ci="0" mb="0" cb="0"/><line nr="653" mi="3" ci="0" mb="2" cb="0"/><line nr="654" mi="4" ci="0" mb="0" cb="0"/><line nr="656" mi="3" ci="0" mb="0" cb="0"/><line nr="659" mi="3" ci="0" mb="2" cb="0"/><line nr="660" mi="4" ci="0" mb="0" cb="0"/><line nr="662" mi="3" ci="0" mb="0" cb="0"/><line nr="665" mi="3" ci="0" mb="2" cb="0"/><line nr="666" mi="4" ci="0" mb="0" cb="0"/><line nr="668" mi="3" ci="0" mb="0" cb="0"/><line nr="671" mi="4" ci="0" mb="2" cb="0"/><line nr="672" mi="4" ci="0" mb="0" cb="0"/><line nr="674" mi="3" ci="0" mb="0" cb="0"/><line nr="677" mi="4" ci="0" mb="2" cb="0"/><line nr="678" mi="4" ci="0" mb="0" cb="0"/><line nr="680" mi="3" ci="0" mb="0" cb="0"/><line nr="683" mi="3" ci="0" mb="2" cb="0"/><line nr="684" mi="4" ci="0" mb="0" cb="0"/><line nr="686" mi="3" ci="0" mb="0" cb="0"/><line nr="689" mi="3" ci="0" mb="2" cb="0"/><line nr="690" mi="4" ci="0" mb="0" cb="0"/><line nr="692" mi="3" ci="0" mb="0" cb="0"/><line nr="695" mi="3" ci="0" mb="2" cb="0"/><line nr="696" mi="4" ci="0" mb="0" cb="0"/><line nr="698" mi="3" ci="0" mb="0" cb="0"/><line nr="701" mi="4" ci="0" mb="2" cb="0"/><line nr="702" mi="4" ci="0" mb="0" cb="0"/><line nr="704" mi="3" ci="0" mb="0" cb="0"/><line nr="707" mi="4" ci="0" mb="2" cb="0"/><line nr="708" mi="4" ci="0" mb="0" cb="0"/><line nr="710" mi="3" ci="0" mb="0" cb="0"/><line nr="713" mi="3" ci="0" mb="2" cb="0"/><line nr="714" mi="4" ci="0" mb="0" cb="0"/><line nr="716" mi="3" ci="0" mb="0" cb="0"/><line nr="719" mi="3" ci="0" mb="2" cb="0"/><line nr="720" mi="4" ci="0" mb="0" cb="0"/><line nr="722" mi="3" ci="0" mb="0" cb="0"/><line nr="725" mi="3" ci="0" mb="2" cb="0"/><line nr="726" mi="4" ci="0" mb="0" cb="0"/><line nr="728" mi="3" ci="0" mb="0" cb="0"/><line nr="731" mi="4" ci="0" mb="2" cb="0"/><line nr="732" mi="4" ci="0" mb="0" cb="0"/><line nr="734" mi="3" ci="0" mb="0" cb="0"/><line nr="737" mi="4" ci="0" mb="2" cb="0"/><line nr="738" mi="4" ci="0" mb="0" cb="0"/><line nr="740" mi="3" ci="0" mb="0" cb="0"/><line nr="743" mi="3" ci="0" mb="2" cb="0"/><line nr="744" mi="4" ci="0" mb="0" cb="0"/><line nr="746" mi="3" ci="0" mb="0" cb="0"/><line nr="749" mi="3" ci="0" mb="2" cb="0"/><line nr="750" mi="4" ci="0" mb="0" cb="0"/><line nr="752" mi="3" ci="0" mb="0" cb="0"/><line nr="755" mi="3" ci="0" mb="2" cb="0"/><line nr="756" mi="4" ci="0" mb="0" cb="0"/><line nr="758" mi="3" ci="0" mb="0" cb="0"/><line nr="761" mi="4" ci="0" mb="2" cb="0"/><line nr="762" mi="4" ci="0" mb="0" cb="0"/><line nr="764" mi="3" ci="0" mb="0" cb="0"/><line nr="767" mi="4" ci="0" mb="2" cb="0"/><line nr="768" mi="4" ci="0" mb="0" cb="0"/><line nr="770" mi="3" ci="0" mb="0" cb="0"/><line nr="773" mi="3" ci="0" mb="2" cb="0"/><line nr="774" mi="4" ci="0" mb="0" cb="0"/><line nr="776" mi="3" ci="0" mb="0" cb="0"/><line nr="779" mi="3" ci="0" mb="2" cb="0"/><line nr="780" mi="4" ci="0" mb="0" cb="0"/><line nr="782" mi="3" ci="0" mb="0" cb="0"/><line nr="785" mi="3" ci="0" mb="2" cb="0"/><line nr="786" mi="4" ci="0" mb="0" cb="0"/><line nr="788" mi="3" ci="0" mb="0" cb="0"/><line nr="791" mi="4" ci="0" mb="2" cb="0"/><line nr="792" mi="4" ci="0" mb="0" cb="0"/><line nr="794" mi="3" ci="0" mb="0" cb="0"/><line nr="797" mi="4" ci="0" mb="2" cb="0"/><line nr="798" mi="4" ci="0" mb="0" cb="0"/><line nr="800" mi="3" ci="0" mb="0" cb="0"/><line nr="803" mi="3" ci="0" mb="2" cb="0"/><line nr="804" mi="4" ci="0" mb="0" cb="0"/><line nr="806" mi="3" ci="0" mb="0" cb="0"/><line nr="809" mi="3" ci="0" mb="2" cb="0"/><line nr="810" mi="4" ci="0" mb="0" cb="0"/><line nr="812" mi="3" ci="0" mb="0" cb="0"/><line nr="815" mi="3" ci="0" mb="2" cb="0"/><line nr="816" mi="4" ci="0" mb="0" cb="0"/><line nr="818" mi="3" ci="0" mb="0" cb="0"/><line nr="821" mi="4" ci="0" mb="2" cb="0"/><line nr="822" mi="4" ci="0" mb="0" cb="0"/><line nr="824" mi="3" ci="0" mb="0" cb="0"/><line nr="827" mi="4" ci="0" mb="2" cb="0"/><line nr="828" mi="4" ci="0" mb="0" cb="0"/><line nr="830" mi="3" ci="0" mb="0" cb="0"/><line nr="833" mi="3" ci="0" mb="2" cb="0"/><line nr="834" mi="4" ci="0" mb="0" cb="0"/><line nr="836" mi="3" ci="0" mb="0" cb="0"/><line nr="839" mi="3" ci="0" mb="2" cb="0"/><line nr="840" mi="4" ci="0" mb="0" cb="0"/><line nr="842" mi="3" ci="0" mb="0" cb="0"/><line nr="845" mi="3" ci="0" mb="2" cb="0"/><line nr="846" mi="4" ci="0" mb="0" cb="0"/><line nr="848" mi="3" ci="0" mb="0" cb="0"/><line nr="851" mi="4" ci="0" mb="2" cb="0"/><line nr="852" mi="4" ci="0" mb="0" cb="0"/><line nr="854" mi="3" ci="0" mb="0" cb="0"/><line nr="857" mi="4" ci="0" mb="2" cb="0"/><line nr="858" mi="4" ci="0" mb="0" cb="0"/><line nr="860" mi="3" ci="0" mb="0" cb="0"/><line nr="863" mi="3" ci="0" mb="2" cb="0"/><line nr="864" mi="4" ci="0" mb="0" cb="0"/><line nr="866" mi="3" ci="0" mb="0" cb="0"/><line nr="869" mi="3" ci="0" mb="2" cb="0"/><line nr="870" mi="4" ci="0" mb="0" cb="0"/><line nr="872" mi="3" ci="0" mb="0" cb="0"/><line nr="875" mi="3" ci="0" mb="2" cb="0"/><line nr="876" mi="4" ci="0" mb="0" cb="0"/><line nr="878" mi="3" ci="0" mb="0" cb="0"/><line nr="881" mi="4" ci="0" mb="2" cb="0"/><line nr="882" mi="4" ci="0" mb="0" cb="0"/><line nr="884" mi="3" ci="0" mb="0" cb="0"/><line nr="887" mi="4" ci="0" mb="2" cb="0"/><line nr="888" mi="4" ci="0" mb="0" cb="0"/><line nr="890" mi="3" ci="0" mb="0" cb="0"/><line nr="893" mi="3" ci="0" mb="2" cb="0"/><line nr="894" mi="4" ci="0" mb="0" cb="0"/><line nr="896" mi="3" ci="0" mb="0" cb="0"/><line nr="899" mi="3" ci="0" mb="2" cb="0"/><line nr="900" mi="4" ci="0" mb="0" cb="0"/><line nr="902" mi="3" ci="0" mb="0" cb="0"/><line nr="905" mi="3" ci="0" mb="2" cb="0"/><line nr="906" mi="4" ci="0" mb="0" cb="0"/><line nr="908" mi="3" ci="0" mb="0" cb="0"/><line nr="911" mi="4" ci="0" mb="2" cb="0"/><line nr="912" mi="4" ci="0" mb="0" cb="0"/><line nr="914" mi="3" ci="0" mb="0" cb="0"/><line nr="917" mi="4" ci="0" mb="2" cb="0"/><line nr="918" mi="4" ci="0" mb="0" cb="0"/><line nr="920" mi="3" ci="0" mb="0" cb="0"/><line nr="923" mi="3" ci="0" mb="2" cb="0"/><line nr="924" mi="4" ci="0" mb="0" cb="0"/><line nr="926" mi="3" ci="0" mb="0" cb="0"/><line nr="929" mi="3" ci="0" mb="2" cb="0"/><line nr="930" mi="4" ci="0" mb="0" cb="0"/><line nr="932" mi="3" ci="0" mb="0" cb="0"/><line nr="935" mi="3" ci="0" mb="2" cb="0"/><line nr="936" mi="4" ci="0" mb="0" cb="0"/><line nr="938" mi="3" ci="0" mb="0" cb="0"/><line nr="941" mi="4" ci="0" mb="2" cb="0"/><line nr="942" mi="4" ci="0" mb="0" cb="0"/><line nr="944" mi="3" ci="0" mb="0" cb="0"/><line nr="947" mi="4" ci="0" mb="2" cb="0"/><line nr="948" mi="4" ci="0" mb="0" cb="0"/><line nr="950" mi="3" ci="0" mb="0" cb="0"/><line nr="953" mi="3" ci="0" mb="2" cb="0"/><line nr="954" mi="4" ci="0" mb="0" cb="0"/><line nr="956" mi="3" ci="0" mb="0" cb="0"/><line nr="959" mi="3" ci="0" mb="2" cb="0"/><line nr="960" mi="4" ci="0" mb="0" cb="0"/><line nr="962" mi="3" ci="0" mb="0" cb="0"/><line nr="965" mi="3" ci="0" mb="2" cb="0"/><line nr="966" mi="4" ci="0" mb="0" cb="0"/><line nr="968" mi="3" ci="0" mb="0" cb="0"/><line nr="971" mi="4" ci="0" mb="2" cb="0"/><line nr="972" mi="4" ci="0" mb="0" cb="0"/><line nr="974" mi="3" ci="0" mb="0" cb="0"/><line nr="977" mi="4" ci="0" mb="2" cb="0"/><line nr="978" mi="4" ci="0" mb="0" cb="0"/><line nr="980" mi="3" ci="0" mb="0" cb="0"/><line nr="983" mi="3" ci="0" mb="2" cb="0"/><line nr="984" mi="4" ci="0" mb="0" cb="0"/><line nr="986" mi="3" ci="0" mb="0" cb="0"/><line nr="989" mi="3" ci="0" mb="2" cb="0"/><line nr="990" mi="4" ci="0" mb="0" cb="0"/><line nr="992" mi="3" ci="0" mb="0" cb="0"/><line nr="995" mi="3" ci="0" mb="2" cb="0"/><line nr="996" mi="4" ci="0" mb="0" cb="0"/><line nr="998" mi="3" ci="0" mb="0" cb="0"/><line nr="1001" mi="4" ci="0" mb="2" cb="0"/><line nr="1002" mi="4" ci="0" mb="0" cb="0"/><line nr="1004" mi="3" ci="0" mb="0" cb="0"/><line nr="1007" mi="4" ci="0" mb="2" cb="0"/><line nr="1008" mi="4" ci="0" mb="0" cb="0"/><line nr="1010" mi="3" ci="0" mb="0" cb="0"/><line nr="1013" mi="3" ci="0" mb="2" cb="0"/><line nr="1014" mi="4" ci="0" mb="0" cb="0"/><line nr="1016" mi="3" ci="0" mb="0" cb="0"/><line nr="1019" mi="3" ci="0" mb="2" cb="0"/><line nr="1020" mi="4" ci="0" mb="0" cb="0"/><line nr="1022" mi="3" ci="0" mb="0" cb="0"/><line nr="1025" mi="3" ci="0" mb="2" cb="0"/><line nr="1026" mi="4" ci="0" mb="0" cb="0"/><line nr="1028" mi="3" ci="0" mb="0" cb="0"/><line nr="1031" mi="4" ci="0" mb="2" cb="0"/><line nr="1032" mi="4" ci="0" mb="0" cb="0"/><line nr="1034" mi="3" ci="0" mb="0" cb="0"/><line nr="1037" mi="4" ci="0" mb="2" cb="0"/><line nr="1038" mi="4" ci="0" mb="0" cb="0"/><line nr="1040" mi="3" ci="0" mb="0" cb="0"/><line nr="1043" mi="3" ci="0" mb="2" cb="0"/><line nr="1044" mi="4" ci="0" mb="0" cb="0"/><line nr="1046" mi="3" ci="0" mb="0" cb="0"/><line nr="1049" mi="3" ci="0" mb="2" cb="0"/><line nr="1050" mi="4" ci="0" mb="0" cb="0"/><line nr="1052" mi="3" ci="0" mb="0" cb="0"/><line nr="1055" mi="3" ci="0" mb="2" cb="0"/><line nr="1056" mi="4" ci="0" mb="0" cb="0"/><line nr="1058" mi="3" ci="0" mb="0" cb="0"/><line nr="1061" mi="4" ci="0" mb="2" cb="0"/><line nr="1062" mi="4" ci="0" mb="0" cb="0"/><line nr="1064" mi="3" ci="0" mb="0" cb="0"/><line nr="1067" mi="4" ci="0" mb="2" cb="0"/><line nr="1068" mi="4" ci="0" mb="0" cb="0"/><line nr="1070" mi="3" ci="0" mb="0" cb="0"/><line nr="1073" mi="3" ci="0" mb="2" cb="0"/><line nr="1074" mi="4" ci="0" mb="0" cb="0"/><line nr="1076" mi="3" ci="0" mb="0" cb="0"/><line nr="1079" mi="3" ci="0" mb="2" cb="0"/><line nr="1080" mi="4" ci="0" mb="0" cb="0"/><line nr="1082" mi="3" ci="0" mb="0" cb="0"/><line nr="1085" mi="3" ci="0" mb="2" cb="0"/><line nr="1086" mi="4" ci="0" mb="0" cb="0"/><line nr="1088" mi="3" ci="0" mb="0" cb="0"/><line nr="1091" mi="4" ci="0" mb="2" cb="0"/><line nr="1092" mi="4" ci="0" mb="0" cb="0"/><line nr="1094" mi="3" ci="0" mb="0" cb="0"/><line nr="1097" mi="4" ci="0" mb="2" cb="0"/><line nr="1098" mi="4" ci="0" mb="0" cb="0"/><line nr="1100" mi="3" ci="0" mb="0" cb="0"/><line nr="1103" mi="3" ci="0" mb="2" cb="0"/><line nr="1104" mi="4" ci="0" mb="0" cb="0"/><line nr="1106" mi="3" ci="0" mb="0" cb="0"/><line nr="1109" mi="3" ci="0" mb="2" cb="0"/><line nr="1110" mi="4" ci="0" mb="0" cb="0"/><line nr="1112" mi="3" ci="0" mb="0" cb="0"/><line nr="1115" mi="3" ci="0" mb="2" cb="0"/><line nr="1116" mi="4" ci="0" mb="0" cb="0"/><line nr="1118" mi="3" ci="0" mb="0" cb="0"/><line nr="1121" mi="4" ci="0" mb="2" cb="0"/><line nr="1122" mi="4" ci="0" mb="0" cb="0"/><line nr="1124" mi="3" ci="0" mb="0" cb="0"/><line nr="1127" mi="4" ci="0" mb="2" cb="0"/><line nr="1128" mi="4" ci="0" mb="0" cb="0"/><line nr="1130" mi="3" ci="0" mb="0" cb="0"/><line nr="1133" mi="3" ci="0" mb="2" cb="0"/><line nr="1134" mi="4" ci="0" mb="0" cb="0"/><line nr="1136" mi="3" ci="0" mb="0" cb="0"/><line nr="1139" mi="3" ci="0" mb="2" cb="0"/><line nr="1140" mi="4" ci="0" mb="0" cb="0"/><line nr="1142" mi="3" ci="0" mb="0" cb="0"/><line nr="1145" mi="3" ci="0" mb="2" cb="0"/><line nr="1146" mi="4" ci="0" mb="0" cb="0"/><line nr="1148" mi="3" ci="0" mb="0" cb="0"/><line nr="1151" mi="4" ci="0" mb="2" cb="0"/><line nr="1152" mi="4" ci="0" mb="0" cb="0"/><line nr="1154" mi="3" ci="0" mb="0" cb="0"/><line nr="1157" mi="4" ci="0" mb="2" cb="0"/><line nr="1158" mi="4" ci="0" mb="0" cb="0"/><line nr="1160" mi="3" ci="0" mb="0" cb="0"/><line nr="1163" mi="3" ci="0" mb="2" cb="0"/><line nr="1164" mi="4" ci="0" mb="0" cb="0"/><line nr="1166" mi="3" ci="0" mb="0" cb="0"/><line nr="1169" mi="3" ci="0" mb="2" cb="0"/><line nr="1170" mi="4" ci="0" mb="0" cb="0"/><line nr="1172" mi="3" ci="0" mb="0" cb="0"/><line nr="1175" mi="3" ci="0" mb="2" cb="0"/><line nr="1176" mi="4" ci="0" mb="0" cb="0"/><line nr="1178" mi="3" ci="0" mb="0" cb="0"/><line nr="1181" mi="4" ci="0" mb="2" cb="0"/><line nr="1182" mi="4" ci="0" mb="0" cb="0"/><line nr="1184" mi="3" ci="0" mb="0" cb="0"/><line nr="1187" mi="4" ci="0" mb="2" cb="0"/><line nr="1188" mi="4" ci="0" mb="0" cb="0"/><line nr="1190" mi="3" ci="0" mb="0" cb="0"/><line nr="1193" mi="3" ci="0" mb="2" cb="0"/><line nr="1194" mi="4" ci="0" mb="0" cb="0"/><line nr="1196" mi="3" ci="0" mb="0" cb="0"/><line nr="1199" mi="3" ci="0" mb="2" cb="0"/><line nr="1200" mi="4" ci="0" mb="0" cb="0"/><line nr="1202" mi="3" ci="0" mb="0" cb="0"/><line nr="1205" mi="3" ci="0" mb="2" cb="0"/><line nr="1206" mi="4" ci="0" mb="0" cb="0"/><line nr="1208" mi="3" ci="0" mb="0" cb="0"/><line nr="1211" mi="4" ci="0" mb="2" cb="0"/><line nr="1212" mi="4" ci="0" mb="0" cb="0"/><line nr="1214" mi="3" ci="0" mb="0" cb="0"/><line nr="1217" mi="4" ci="0" mb="2" cb="0"/><line nr="1218" mi="4" ci="0" mb="0" cb="0"/><line nr="1220" mi="3" ci="0" mb="0" cb="0"/><line nr="1223" mi="3" ci="0" mb="2" cb="0"/><line nr="1224" mi="4" ci="0" mb="0" cb="0"/><line nr="1226" mi="3" ci="0" mb="0" cb="0"/><line nr="1229" mi="3" ci="0" mb="2" cb="0"/><line nr="1230" mi="4" ci="0" mb="0" cb="0"/><line nr="1232" mi="3" ci="0" mb="0" cb="0"/><line nr="1235" mi="3" ci="0" mb="2" cb="0"/><line nr="1236" mi="4" ci="0" mb="0" cb="0"/><line nr="1238" mi="3" ci="0" mb="0" cb="0"/><line nr="1241" mi="4" ci="0" mb="2" cb="0"/><line nr="1242" mi="4" ci="0" mb="0" cb="0"/><line nr="1244" mi="3" ci="0" mb="0" cb="0"/><line nr="1247" mi="4" ci="0" mb="2" cb="0"/><line nr="1248" mi="4" ci="0" mb="0" cb="0"/><line nr="1250" mi="3" ci="0" mb="0" cb="0"/><line nr="1253" mi="3" ci="0" mb="2" cb="0"/><line nr="1254" mi="4" ci="0" mb="0" cb="0"/><line nr="1256" mi="3" ci="0" mb="0" cb="0"/><line nr="1259" mi="3" ci="0" mb="2" cb="0"/><line nr="1260" mi="4" ci="0" mb="0" cb="0"/><line nr="1262" mi="3" ci="0" mb="0" cb="0"/><line nr="1265" mi="3" ci="0" mb="2" cb="0"/><line nr="1266" mi="4" ci="0" mb="0" cb="0"/><line nr="1268" mi="3" ci="0" mb="0" cb="0"/><line nr="1271" mi="4" ci="0" mb="2" cb="0"/><line nr="1272" mi="4" ci="0" mb="0" cb="0"/><line nr="1274" mi="3" ci="0" mb="0" cb="0"/><line nr="1277" mi="4" ci="0" mb="2" cb="0"/><line nr="1278" mi="4" ci="0" mb="0" cb="0"/><line nr="1280" mi="3" ci="0" mb="0" cb="0"/><line nr="1283" mi="3" ci="0" mb="2" cb="0"/><line nr="1284" mi="4" ci="0" mb="0" cb="0"/><line nr="1286" mi="3" ci="0" mb="0" cb="0"/><line nr="1289" mi="3" ci="0" mb="2" cb="0"/><line nr="1290" mi="4" ci="0" mb="0" cb="0"/><line nr="1292" mi="3" ci="0" mb="0" cb="0"/><line nr="1295" mi="3" ci="0" mb="2" cb="0"/><line nr="1296" mi="4" ci="0" mb="0" cb="0"/><line nr="1298" mi="3" ci="0" mb="0" cb="0"/><line nr="1301" mi="4" ci="0" mb="2" cb="0"/><line nr="1302" mi="4" ci="0" mb="0" cb="0"/><line nr="1304" mi="3" ci="0" mb="0" cb="0"/><line nr="1307" mi="4" ci="0" mb="2" cb="0"/><line nr="1308" mi="4" ci="0" mb="0" cb="0"/><line nr="1310" mi="3" ci="0" mb="0" cb="0"/><line nr="1313" mi="3" ci="0" mb="2" cb="0"/><line nr="1314" mi="4" ci="0" mb="0" cb="0"/><line nr="1316" mi="3" ci="0" mb="0" cb="0"/><line nr="1319" mi="3" ci="0" mb="2" cb="0"/><line nr="1320" mi="4" ci="0" mb="0" cb="0"/><line nr="1322" mi="3" ci="0" mb="0" cb="0"/><line nr="1325" mi="3" ci="0" mb="2" cb="0"/><line nr="1326" mi="4" ci="0" mb="0" cb="0"/><line nr="1328" mi="3" ci="0" mb="0" cb="0"/><line nr="1331" mi="4" ci="0" mb="2" cb="0"/><line nr="1332" mi="4" ci="0" mb="0" cb="0"/><line nr="1334" mi="3" ci="0" mb="0" cb="0"/><line nr="1337" mi="4" ci="0" mb="2" cb="0"/><line nr="1338" mi="4" ci="0" mb="0" cb="0"/><line nr="1340" mi="3" ci="0" mb="0" cb="0"/><line nr="1343" mi="3" ci="0" mb="2" cb="0"/><line nr="1344" mi="4" ci="0" mb="0" cb="0"/><line nr="1346" mi="3" ci="0" mb="0" cb="0"/><line nr="1349" mi="3" ci="0" mb="2" cb="0"/><line nr="1350" mi="4" ci="0" mb="0" cb="0"/><line nr="1352" mi="3" ci="0" mb="0" cb="0"/><line nr="1355" mi="3" ci="0" mb="2" cb="0"/><line nr="1356" mi="4" ci="0" mb="0" cb="0"/><line nr="1358" mi="3" ci="0" mb="0" cb="0"/><line nr="1361" mi="4" ci="0" mb="2" cb="0"/><line nr="1362" mi="4" ci="0" mb="0" cb="0"/><line nr="1364" mi="3" ci="0" mb="0" cb="0"/><line nr="1367" mi="4" ci="0" mb="2" cb="0"/><line nr="1368" mi="4" ci="0" mb="0" cb="0"/><line nr="1370" mi="3" ci="0" mb="0" cb="0"/><line nr="1373" mi="3" ci="0" mb="2" cb="0"/><line nr="1374" mi="4" ci="0" mb="0" cb="0"/><line nr="1376" mi="3" ci="0" mb="0" cb="0"/><line nr="1379" mi="3" ci="0" mb="2" cb="0"/><line nr="1380" mi="4" ci="0" mb="0" cb="0"/><line nr="1382" mi="3" ci="0" mb="0" cb="0"/><line nr="1385" mi="3" ci="0" mb="2" cb="0"/><line nr="1386" mi="4" ci="0" mb="0" cb="0"/><line nr="1388" mi="3" ci="0" mb="0" cb="0"/><line nr="1391" mi="4" ci="0" mb="2" cb="0"/><line nr="1392" mi="4" ci="0" mb="0" cb="0"/><line nr="1394" mi="3" ci="0" mb="0" cb="0"/><line nr="1397" mi="4" ci="0" mb="2" cb="0"/><line nr="1398" mi="4" ci="0" mb="0" cb="0"/><line nr="1400" mi="3" ci="0" mb="0" cb="0"/><line nr="1403" mi="3" ci="0" mb="2" cb="0"/><line nr="1404" mi="4" ci="0" mb="0" cb="0"/><line nr="1406" mi="3" ci="0" mb="0" cb="0"/><line nr="1409" mi="3" ci="0" mb="2" cb="0"/><line nr="1410" mi="4" ci="0" mb="0" cb="0"/><line nr="1412" mi="3" ci="0" mb="0" cb="0"/><line nr="1415" mi="3" ci="0" mb="2" cb="0"/><line nr="1416" mi="4" ci="0" mb="0" cb="0"/><line nr="1418" mi="3" ci="0" mb="0" cb="0"/><line nr="1421" mi="4" ci="0" mb="2" cb="0"/><line nr="1422" mi="4" ci="0" mb="0" cb="0"/><line nr="1424" mi="3" ci="0" mb="0" cb="0"/><line nr="1427" mi="4" ci="0" mb="2" cb="0"/><line nr="1428" mi="4" ci="0" mb="0" cb="0"/><line nr="1430" mi="3" ci="0" mb="0" cb="0"/><line nr="1433" mi="3" ci="0" mb="2" cb="0"/><line nr="1434" mi="4" ci="0" mb="0" cb="0"/><line nr="1436" mi="3" ci="0" mb="0" cb="0"/><line nr="1439" mi="3" ci="0" mb="2" cb="0"/><line nr="1440" mi="4" ci="0" mb="0" cb="0"/><line nr="1442" mi="3" ci="0" mb="0" cb="0"/><line nr="1445" mi="3" ci="0" mb="2" cb="0"/><line nr="1446" mi="4" ci="0" mb="0" cb="0"/><line nr="1448" mi="3" ci="0" mb="0" cb="0"/><line nr="1451" mi="4" ci="0" mb="2" cb="0"/><line nr="1452" mi="4" ci="0" mb="0" cb="0"/><line nr="1454" mi="3" ci="0" mb="0" cb="0"/><line nr="1457" mi="4" ci="0" mb="2" cb="0"/><line nr="1458" mi="4" ci="0" mb="0" cb="0"/><line nr="1460" mi="3" ci="0" mb="0" cb="0"/><line nr="1463" mi="3" ci="0" mb="2" cb="0"/><line nr="1464" mi="4" ci="0" mb="0" cb="0"/><line nr="1466" mi="3" ci="0" mb="0" cb="0"/><line nr="1469" mi="3" ci="0" mb="2" cb="0"/><line nr="1470" mi="4" ci="0" mb="0" cb="0"/><line nr="1472" mi="3" ci="0" mb="0" cb="0"/><line nr="1475" mi="3" ci="0" mb="2" cb="0"/><line nr="1476" mi="4" ci="0" mb="0" cb="0"/><line nr="1478" mi="3" ci="0" mb="0" cb="0"/><line nr="1481" mi="4" ci="0" mb="2" cb="0"/><line nr="1482" mi="4" ci="0" mb="0" cb="0"/><line nr="1484" mi="3" ci="0" mb="0" cb="0"/><line nr="1487" mi="4" ci="0" mb="2" cb="0"/><line nr="1488" mi="4" ci="0" mb="0" cb="0"/><line nr="1490" mi="3" ci="0" mb="0" cb="0"/><line nr="1493" mi="3" ci="0" mb="2" cb="0"/><line nr="1494" mi="4" ci="0" mb="0" cb="0"/><line nr="1496" mi="3" ci="0" mb="0" cb="0"/><line nr="1499" mi="3" ci="0" mb="2" cb="0"/><line nr="1500" mi="4" ci="0" mb="0" cb="0"/><line nr="1502" mi="3" ci="0" mb="0" cb="0"/><line nr="1505" mi="3" ci="0" mb="2" cb="0"/><line nr="1506" mi="4" ci="0" mb="0" cb="0"/><line nr="1508" mi="3" ci="0" mb="0" cb="0"/><line nr="1511" mi="4" ci="0" mb="2" cb="0"/><line nr="1512" mi="4" ci="0" mb="0" cb="0"/><line nr="1514" mi="3" ci="0" mb="0" cb="0"/><line nr="1517" mi="4" ci="0" mb="2" cb="0"/><line nr="1518" mi="4" ci="0" mb="0" cb="0"/><line nr="1520" mi="3" ci="0" mb="0" cb="0"/><line nr="1523" mi="3" ci="0" mb="2" cb="0"/><line nr="1524" mi="4" ci="0" mb="0" cb="0"/><line nr="1526" mi="3" ci="0" mb="0" cb="0"/><line nr="1529" mi="3" ci="0" mb="2" cb="0"/><line nr="1530" mi="4" ci="0" mb="0" cb="0"/><line nr="1532" mi="3" ci="0" mb="0" cb="0"/><line nr="1535" mi="3" ci="0" mb="2" cb="0"/><line nr="1536" mi="4" ci="0" mb="0" cb="0"/><line nr="1538" mi="3" ci="0" mb="0" cb="0"/><line nr="1541" mi="4" ci="0" mb="2" cb="0"/><line nr="1542" mi="4" ci="0" mb="0" cb="0"/><line nr="1544" mi="3" ci="0" mb="0" cb="0"/><line nr="1547" mi="4" ci="0" mb="2" cb="0"/><line nr="1548" mi="4" ci="0" mb="0" cb="0"/><line nr="1550" mi="3" ci="0" mb="0" cb="0"/><line nr="1553" mi="3" ci="0" mb="2" cb="0"/><line nr="1554" mi="4" ci="0" mb="0" cb="0"/><line nr="1556" mi="3" ci="0" mb="0" cb="0"/><line nr="1559" mi="3" ci="0" mb="2" cb="0"/><line nr="1560" mi="4" ci="0" mb="0" cb="0"/><line nr="1562" mi="3" ci="0" mb="0" cb="0"/><line nr="1565" mi="3" ci="0" mb="2" cb="0"/><line nr="1566" mi="4" ci="0" mb="0" cb="0"/><line nr="1568" mi="3" ci="0" mb="0" cb="0"/><line nr="1571" mi="4" ci="0" mb="2" cb="0"/><line nr="1572" mi="4" ci="0" mb="0" cb="0"/><line nr="1574" mi="3" ci="0" mb="0" cb="0"/><line nr="1577" mi="4" ci="0" mb="2" cb="0"/><line nr="1578" mi="4" ci="0" mb="0" cb="0"/><line nr="1580" mi="3" ci="0" mb="0" cb="0"/><line nr="1583" mi="3" ci="0" mb="2" cb="0"/><line nr="1584" mi="4" ci="0" mb="0" cb="0"/><line nr="1586" mi="3" ci="0" mb="0" cb="0"/><line nr="1589" mi="3" ci="0" mb="2" cb="0"/><line nr="1590" mi="4" ci="0" mb="0" cb="0"/><line nr="1592" mi="3" ci="0" mb="0" cb="0"/><line nr="1595" mi="3" ci="0" mb="2" cb="0"/><line nr="1596" mi="4" ci="0" mb="0" cb="0"/><line nr="1598" mi="3" ci="0" mb="0" cb="0"/><line nr="1601" mi="4" ci="0" mb="2" cb="0"/><line nr="1602" mi="4" ci="0" mb="0" cb="0"/><line nr="1604" mi="3" ci="0" mb="0" cb="0"/><line nr="1607" mi="4" ci="0" mb="2" cb="0"/><line nr="1608" mi="4" ci="0" mb="0" cb="0"/><line nr="1610" mi="3" ci="0" mb="0" cb="0"/><line nr="1613" mi="3" ci="0" mb="2" cb="0"/><line nr="1614" mi="4" ci="0" mb="0" cb="0"/><line nr="1616" mi="3" ci="0" mb="0" cb="0"/><line nr="1619" mi="3" ci="0" mb="2" cb="0"/><line nr="1620" mi="4" ci="0" mb="0" cb="0"/><line nr="1622" mi="3" ci="0" mb="0" cb="0"/><line nr="1625" mi="3" ci="0" mb="2" cb="0"/><line nr="1626" mi="4" ci="0" mb="0" cb="0"/><line nr="1628" mi="3" ci="0" mb="0" cb="0"/><line nr="1631" mi="4" ci="0" mb="2" cb="0"/><line nr="1632" mi="4" ci="0" mb="0" cb="0"/><line nr="1634" mi="3" ci="0" mb="0" cb="0"/><line nr="1637" mi="4" ci="0" mb="2" cb="0"/><line nr="1638" mi="4" ci="0" mb="0" cb="0"/><line nr="1640" mi="3" ci="0" mb="0" cb="0"/><line nr="1643" mi="3" ci="0" mb="2" cb="0"/><line nr="1644" mi="4" ci="0" mb="0" cb="0"/><line nr="1646" mi="3" ci="0" mb="0" cb="0"/><line nr="1649" mi="3" ci="0" mb="2" cb="0"/><line nr="1650" mi="4" ci="0" mb="0" cb="0"/><line nr="1652" mi="3" ci="0" mb="0" cb="0"/><line nr="1655" mi="3" ci="0" mb="2" cb="0"/><line nr="1656" mi="4" ci="0" mb="0" cb="0"/><line nr="1658" mi="3" ci="0" mb="0" cb="0"/><line nr="1661" mi="4" ci="0" mb="2" cb="0"/><line nr="1662" mi="4" ci="0" mb="0" cb="0"/><line nr="1664" mi="3" ci="0" mb="0" cb="0"/><line nr="1667" mi="4" ci="0" mb="2" cb="0"/><line nr="1668" mi="4" ci="0" mb="0" cb="0"/><line nr="1670" mi="3" ci="0" mb="0" cb="0"/><line nr="1673" mi="3" ci="0" mb="2" cb="0"/><line nr="1674" mi="4" ci="0" mb="0" cb="0"/><line nr="1676" mi="3" ci="0" mb="0" cb="0"/><line nr="1679" mi="3" ci="0" mb="2" cb="0"/><line nr="1680" mi="4" ci="0" mb="0" cb="0"/><line nr="1682" mi="3" ci="0" mb="0" cb="0"/><line nr="1685" mi="3" ci="0" mb="2" cb="0"/><line nr="1686" mi="4" ci="0" mb="0" cb="0"/><line nr="1688" mi="3" ci="0" mb="0" cb="0"/><line nr="1691" mi="4" ci="0" mb="2" cb="0"/><line nr="1692" mi="4" ci="0" mb="0" cb="0"/><line nr="1694" mi="3" ci="0" mb="0" cb="0"/><line nr="1697" mi="4" ci="0" mb="2" cb="0"/><line nr="1698" mi="4" ci="0" mb="0" cb="0"/><line nr="1700" mi="3" ci="0" mb="0" cb="0"/><line nr="1703" mi="3" ci="0" mb="2" cb="0"/><line nr="1704" mi="4" ci="0" mb="0" cb="0"/><line nr="1706" mi="3" ci="0" mb="0" cb="0"/><line nr="1709" mi="3" ci="0" mb="2" cb="0"/><line nr="1710" mi="4" ci="0" mb="0" cb="0"/><line nr="1712" mi="3" ci="0" mb="0" cb="0"/><line nr="1715" mi="3" ci="0" mb="2" cb="0"/><line nr="1716" mi="4" ci="0" mb="0" cb="0"/><line nr="1718" mi="3" ci="0" mb="0" cb="0"/><line nr="1721" mi="4" ci="0" mb="2" cb="0"/><line nr="1722" mi="4" ci="0" mb="0" cb="0"/><line nr="1724" mi="3" ci="0" mb="0" cb="0"/><line nr="1727" mi="4" ci="0" mb="2" cb="0"/><line nr="1728" mi="4" ci="0" mb="0" cb="0"/><line nr="1730" mi="3" ci="0" mb="0" cb="0"/><line nr="1733" mi="3" ci="0" mb="2" cb="0"/><line nr="1734" mi="4" ci="0" mb="0" cb="0"/><line nr="1736" mi="3" ci="0" mb="0" cb="0"/><line nr="1739" mi="3" ci="0" mb="2" cb="0"/><line nr="1740" mi="4" ci="0" mb="0" cb="0"/><line nr="1742" mi="3" ci="0" mb="0" cb="0"/><line nr="1745" mi="3" ci="0" mb="2" cb="0"/><line nr="1746" mi="4" ci="0" mb="0" cb="0"/><line nr="1748" mi="3" ci="0" mb="0" cb="0"/><line nr="1751" mi="4" ci="0" mb="2" cb="0"/><line nr="1752" mi="4" ci="0" mb="0" cb="0"/><line nr="1754" mi="3" ci="0" mb="0" cb="0"/><line nr="1757" mi="4" ci="0" mb="2" cb="0"/><line nr="1758" mi="4" ci="0" mb="0" cb="0"/><line nr="1760" mi="3" ci="0" mb="0" cb="0"/><line nr="1763" mi="3" ci="0" mb="2" cb="0"/><line nr="1764" mi="4" ci="0" mb="0" cb="0"/><line nr="1766" mi="3" ci="0" mb="0" cb="0"/><line nr="1769" mi="3" ci="0" mb="2" cb="0"/><line nr="1770" mi="4" ci="0" mb="0" cb="0"/><line nr="1772" mi="3" ci="0" mb="0" cb="0"/><line nr="1775" mi="3" ci="0" mb="2" cb="0"/><line nr="1776" mi="4" ci="0" mb="0" cb="0"/><line nr="1778" mi="3" ci="0" mb="0" cb="0"/><line nr="1781" mi="4" ci="0" mb="2" cb="0"/><line nr="1782" mi="4" ci="0" mb="0" cb="0"/><line nr="1784" mi="3" ci="0" mb="0" cb="0"/><line nr="1787" mi="4" ci="0" mb="2" cb="0"/><line nr="1788" mi="4" ci="0" mb="0" cb="0"/><line nr="1790" mi="3" ci="0" mb="0" cb="0"/><line nr="1793" mi="3" ci="0" mb="2" cb="0"/><line nr="1794" mi="4" ci="0" mb="0" cb="0"/><line nr="1796" mi="3" ci="0" mb="0" cb="0"/><line nr="1799" mi="3" ci="0" mb="2" cb="0"/><line nr="1800" mi="4" ci="0" mb="0" cb="0"/><line nr="1802" mi="3" ci="0" mb="0" cb="0"/><line nr="1805" mi="3" ci="0" mb="2" cb="0"/><line nr="1806" mi="4" ci="0" mb="0" cb="0"/><line nr="1808" mi="3" ci="0" mb="0" cb="0"/><line nr="1811" mi="4" ci="0" mb="2" cb="0"/><line nr="1812" mi="4" ci="0" mb="0" cb="0"/><line nr="1814" mi="3" ci="0" mb="0" cb="0"/><line nr="1817" mi="4" ci="0" mb="2" cb="0"/><line nr="1818" mi="4" ci="0" mb="0" cb="0"/><line nr="1820" mi="3" ci="0" mb="0" cb="0"/><line nr="1823" mi="3" ci="0" mb="2" cb="0"/><line nr="1824" mi="4" ci="0" mb="0" cb="0"/><line nr="1826" mi="3" ci="0" mb="0" cb="0"/><line nr="1829" mi="3" ci="0" mb="2" cb="0"/><line nr="1830" mi="4" ci="0" mb="0" cb="0"/><line nr="1832" mi="3" ci="0" mb="0" cb="0"/><line nr="1835" mi="3" ci="0" mb="2" cb="0"/><line nr="1836" mi="4" ci="0" mb="0" cb="0"/><line nr="1838" mi="3" ci="0" mb="0" cb="0"/><line nr="1841" mi="4" ci="0" mb="2" cb="0"/><line nr="1842" mi="4" ci="0" mb="0" cb="0"/><line nr="1844" mi="3" ci="0" mb="0" cb="0"/><line nr="1847" mi="4" ci="0" mb="2" cb="0"/><line nr="1848" mi="4" ci="0" mb="0" cb="0"/><line nr="1850" mi="3" ci="0" mb="0" cb="0"/><line nr="1853" mi="3" ci="0" mb="2" cb="0"/><line nr="1854" mi="4" ci="0" mb="0" cb="0"/><line nr="1856" mi="3" ci="0" mb="0" cb="0"/><line nr="1859" mi="3" ci="0" mb="2" cb="0"/><line nr="1860" mi="4" ci="0" mb="0" cb="0"/><line nr="1862" mi="3" ci="0" mb="0" cb="0"/><line nr="1865" mi="3" ci="0" mb="2" cb="0"/><line nr="1866" mi="4" ci="0" mb="0" cb="0"/><line nr="1868" mi="3" ci="0" mb="0" cb="0"/><line nr="1871" mi="4" ci="0" mb="2" cb="0"/><line nr="1872" mi="4" ci="0" mb="0" cb="0"/><line nr="1874" mi="3" ci="0" mb="0" cb="0"/><line nr="1877" mi="4" ci="0" mb="2" cb="0"/><line nr="1878" mi="4" ci="0" mb="0" cb="0"/><line nr="1880" mi="3" ci="0" mb="0" cb="0"/><line nr="1883" mi="3" ci="0" mb="2" cb="0"/><line nr="1884" mi="4" ci="0" mb="0" cb="0"/><line nr="1886" mi="3" ci="0" mb="0" cb="0"/><line nr="1889" mi="3" ci="0" mb="2" cb="0"/><line nr="1890" mi="4" ci="0" mb="0" cb="0"/><line nr="1892" mi="3" ci="0" mb="0" cb="0"/><line nr="1895" mi="3" ci="0" mb="2" cb="0"/><line nr="1896" mi="4" ci="0" mb="0" cb="0"/><line nr="1898" mi="3" ci="0" mb="0" cb="0"/><line nr="1901" mi="4" ci="0" mb="2" cb="0"/><line nr="1902" mi="4" ci="0" mb="0" cb="0"/><line nr="1904" mi="3" ci="0" mb="0" cb="0"/><line nr="1907" mi="4" ci="0" mb="2" cb="0"/><line nr="1908" mi="4" ci="0" mb="0" cb="0"/><line nr="1910" mi="3" ci="0" mb="0" cb="0"/><line nr="1913" mi="3" ci="0" mb="2" cb="0"/><line nr="1914" mi="4" ci="0" mb="0" cb="0"/><line nr="1916" mi="3" ci="0" mb="0" cb="0"/><line nr="1919" mi="3" ci="0" mb="2" cb="0"/><line nr="1920" mi="4" ci="0" mb="0" cb="0"/><line nr="1922" mi="3" ci="0" mb="0" cb="0"/><line nr="1925" mi="3" ci="0" mb="2" cb="0"/><line nr="1926" mi="4" ci="0" mb="0" cb="0"/><line nr="1928" mi="3" ci="0" mb="0" cb="0"/><line nr="1931" mi="4" ci="0" mb="2" cb="0"/><line nr="1932" mi="4" ci="0" mb="0" cb="0"/><line nr="1934" mi="3" ci="0" mb="0" cb="0"/><line nr="1937" mi="4" ci="0" mb="2" cb="0"/><line nr="1938" mi="4" ci="0" mb="0" cb="0"/><line nr="1940" mi="3" ci="0" mb="0" cb="0"/><line nr="1943" mi="3" ci="0" mb="2" cb="0"/><line nr="1944" mi="4" ci="0" mb="0" cb="0"/><line nr="1946" mi="3" ci="0" mb="0" cb="0"/><line nr="1949" mi="3" ci="0" mb="2" cb="0"/><line nr="1950" mi="4" ci="0" mb="0" cb="0"/><line nr="1952" mi="3" ci="0" mb="0" cb="0"/><line nr="1955" mi="3" ci="0" mb="2" cb="0"/><line nr="1956" mi="4" ci="0" mb="0" cb="0"/><line nr="1958" mi="3" ci="0" mb="0" cb="0"/><line nr="1961" mi="4" ci="0" mb="2" cb="0"/><line nr="1962" mi="4" ci="0" mb="0" cb="0"/><line nr="1964" mi="3" ci="0" mb="0" cb="0"/><line nr="1967" mi="4" ci="0" mb="2" cb="0"/><line nr="1968" mi="4" ci="0" mb="0" cb="0"/><line nr="1970" mi="3" ci="0" mb="0" cb="0"/><line nr="1973" mi="3" ci="0" mb="2" cb="0"/><line nr="1974" mi="4" ci="0" mb="0" cb="0"/><line nr="1976" mi="3" ci="0" mb="0" cb="0"/><line nr="1979" mi="3" ci="0" mb="2" cb="0"/><line nr="1980" mi="4" ci="0" mb="0" cb="0"/><line nr="1982" mi="3" ci="0" mb="0" cb="0"/><line nr="1985" mi="3" ci="0" mb="2" cb="0"/><line nr="1986" mi="4" ci="0" mb="0" cb="0"/><line nr="1988" mi="3" ci="0" mb="0" cb="0"/><line nr="1991" mi="4" ci="0" mb="2" cb="0"/><line nr="1992" mi="4" ci="0" mb="0" cb="0"/><line nr="1994" mi="3" ci="0" mb="0" cb="0"/><line nr="1997" mi="4" ci="0" mb="2" cb="0"/><line nr="1998" mi="4" ci="0" mb="0" cb="0"/><line nr="2000" mi="3" ci="0" mb="0" cb="0"/><line nr="2003" mi="3" ci="0" mb="2" cb="0"/><line nr="2004" mi="4" ci="0" mb="0" cb="0"/><line nr="2006" mi="3" ci="0" mb="0" cb="0"/><line nr="2009" mi="3" ci="0" mb="2" cb="0"/><line nr="2010" mi="4" ci="0" mb="0" cb="0"/><line nr="2012" mi="3" ci="0" mb="0" cb="0"/><line nr="2015" mi="3" ci="0" mb="2" cb="0"/><line nr="2016" mi="4" ci="0" mb="0" cb="0"/><line nr="2018" mi="3" ci="0" mb="0" cb="0"/><line nr="2021" mi="4" ci="0" mb="2" cb="0"/><line nr="2022" mi="4" ci="0" mb="0" cb="0"/><line nr="2024" mi="3" ci="0" mb="0" cb="0"/><line nr="2027" mi="4" ci="0" mb="2" cb="0"/><line nr="2028" mi="4" ci="0" mb="0" cb="0"/><line nr="2030" mi="3" ci="0" mb="0" cb="0"/><line nr="2033" mi="3" ci="0" mb="2" cb="0"/><line nr="2034" mi="4" ci="0" mb="0" cb="0"/><line nr="2036" mi="3" ci="0" mb="0" cb="0"/><line nr="2039" mi="3" ci="0" mb="2" cb="0"/><line nr="2040" mi="4" ci="0" mb="0" cb="0"/><line nr="2042" mi="3" ci="0" mb="0" cb="0"/><line nr="2045" mi="3" ci="0" mb="2" cb="0"/><line nr="2046" mi="4" ci="0" mb="0" cb="0"/><line nr="2048" mi="3" ci="0" mb="0" cb="0"/><line nr="2051" mi="4" ci="0" mb="2" cb="0"/><line nr="2052" mi="4" ci="0" mb="0" cb="0"/><line nr="2054" mi="3" ci="0" mb="0" cb="0"/><line nr="2057" mi="4" ci="0" mb="2" cb="0"/><line nr="2058" mi="4" ci="0" mb="0" cb="0"/><line nr="2060" mi="3" ci="0" mb="0" cb="0"/><line nr="2063" mi="3" ci="0" mb="2" cb="0"/><line nr="2064" mi="4" ci="0" mb="0" cb="0"/><line nr="2066" mi="3" ci="0" mb="0" cb="0"/><line nr="2069" mi="3" ci="0" mb="2" cb="0"/><line nr="2070" mi="4" ci="0" mb="0" cb="0"/><line nr="2072" mi="3" ci="0" mb="0" cb="0"/><line nr="2075" mi="3" ci="0" mb="2" cb="0"/><line nr="2076" mi="4" ci="0" mb="0" cb="0"/><line nr="2078" mi="3" ci="0" mb="0" cb="0"/><line nr="2081" mi="4" ci="0" mb="2" cb="0"/><line nr="2082" mi="4" ci="0" mb="0" cb="0"/><line nr="2084" mi="3" ci="0" mb="0" cb="0"/><line nr="2087" mi="4" ci="0" mb="2" cb="0"/><line nr="2088" mi="4" ci="0" mb="0" cb="0"/><line nr="2090" mi="3" ci="0" mb="0" cb="0"/><line nr="2093" mi="3" ci="0" mb="2" cb="0"/><line nr="2094" mi="4" ci="0" mb="0" cb="0"/><line nr="2096" mi="3" ci="0" mb="0" cb="0"/><line nr="2099" mi="3" ci="0" mb="2" cb="0"/><line nr="2100" mi="4" ci="0" mb="0" cb="0"/><line nr="2102" mi="3" ci="0" mb="0" cb="0"/><line nr="2105" mi="3" ci="0" mb="2" cb="0"/><line nr="2106" mi="4" ci="0" mb="0" cb="0"/><line nr="2108" mi="3" ci="0" mb="0" cb="0"/><line nr="2111" mi="4" ci="0" mb="2" cb="0"/><line nr="2112" mi="4" ci="0" mb="0" cb="0"/><line nr="2114" mi="3" ci="0" mb="0" cb="0"/><line nr="2117" mi="4" ci="0" mb="2" cb="0"/><line nr="2118" mi="4" ci="0" mb="0" cb="0"/><line nr="2120" mi="3" ci="0" mb="0" cb="0"/><line nr="2123" mi="3" ci="0" mb="2" cb="0"/><line nr="2124" mi="4" ci="0" mb="0" cb="0"/><line nr="2126" mi="3" ci="0" mb="0" cb="0"/><line nr="2129" mi="3" ci="0" mb="2" cb="0"/><line nr="2130" mi="4" ci="0" mb="0" cb="0"/><line nr="2132" mi="3" ci="0" mb="0" cb="0"/><line nr="2135" mi="3" ci="0" mb="2" cb="0"/><line nr="2136" mi="4" ci="0" mb="0" cb="0"/><line nr="2138" mi="3" ci="0" mb="0" cb="0"/><line nr="2141" mi="4" ci="0" mb="2" cb="0"/><line nr="2142" mi="4" ci="0" mb="0" cb="0"/><line nr="2144" mi="3" ci="0" mb="0" cb="0"/><line nr="2147" mi="4" ci="0" mb="2" cb="0"/><line nr="2148" mi="4" ci="0" mb="0" cb="0"/><line nr="2150" mi="3" ci="0" mb="0" cb="0"/><line nr="2153" mi="3" ci="0" mb="2" cb="0"/><line nr="2154" mi="4" ci="0" mb="0" cb="0"/><line nr="2156" mi="3" ci="0" mb="0" cb="0"/><line nr="2159" mi="3" ci="0" mb="2" cb="0"/><line nr="2160" mi="4" ci="0" mb="0" cb="0"/><line nr="2162" mi="3" ci="0" mb="0" cb="0"/><line nr="2165" mi="3" ci="0" mb="2" cb="0"/><line nr="2166" mi="4" ci="0" mb="0" cb="0"/><line nr="2168" mi="3" ci="0" mb="0" cb="0"/><line nr="2171" mi="4" ci="0" mb="2" cb="0"/><line nr="2172" mi="4" ci="0" mb="0" cb="0"/><line nr="2174" mi="3" ci="0" mb="0" cb="0"/><line nr="2177" mi="4" ci="0" mb="2" cb="0"/><line nr="2178" mi="4" ci="0" mb="0" cb="0"/><line nr="2180" mi="3" ci="0" mb="0" cb="0"/><line nr="2183" mi="3" ci="0" mb="2" cb="0"/><line nr="2184" mi="4" ci="0" mb="0" cb="0"/><line nr="2186" mi="3" ci="0" mb="0" cb="0"/><line nr="2189" mi="3" ci="0" mb="2" cb="0"/><line nr="2190" mi="4" ci="0" mb="0" cb="0"/><line nr="2192" mi="3" ci="0" mb="0" cb="0"/><line nr="2195" mi="3" ci="0" mb="2" cb="0"/><line nr="2196" mi="4" ci="0" mb="0" cb="0"/><line nr="2198" mi="3" ci="0" mb="0" cb="0"/><line nr="2201" mi="4" ci="0" mb="2" cb="0"/><line nr="2202" mi="4" ci="0" mb="0" cb="0"/><line nr="2204" mi="3" ci="0" mb="0" cb="0"/><line nr="2207" mi="4" ci="0" mb="2" cb="0"/><line nr="2208" mi="4" ci="0" mb="0" cb="0"/><line nr="2210" mi="3" ci="0" mb="0" cb="0"/><line nr="2213" mi="3" ci="0" mb="2" cb="0"/><line nr="2214" mi="4" ci="0" mb="0" cb="0"/><line nr="2216" mi="3" ci="0" mb="0" cb="0"/><line nr="2219" mi="3" ci="0" mb="2" cb="0"/><line nr="2220" mi="4" ci="0" mb="0" cb="0"/><line nr="2222" mi="3" ci="0" mb="0" cb="0"/><line nr="2225" mi="3" ci="0" mb="2" cb="0"/><line nr="2226" mi="4" ci="0" mb="0" cb="0"/><line nr="2228" mi="3" ci="0" mb="0" cb="0"/><line nr="2231" mi="4" ci="0" mb="2" cb="0"/><line nr="2232" mi="4" ci="0" mb="0" cb="0"/><line nr="2234" mi="3" ci="0" mb="0" cb="0"/><line nr="2237" mi="4" ci="0" mb="2" cb="0"/><line nr="2238" mi="4" ci="0" mb="0" cb="0"/><line nr="2240" mi="3" ci="0" mb="0" cb="0"/><line nr="2243" mi="3" ci="0" mb="2" cb="0"/><line nr="2244" mi="4" ci="0" mb="0" cb="0"/><line nr="2246" mi="3" ci="0" mb="0" cb="0"/><line nr="2249" mi="3" ci="0" mb="2" cb="0"/><line nr="2250" mi="4" ci="0" mb="0" cb="0"/><line nr="2252" mi="3" ci="0" mb="0" cb="0"/><line nr="2255" mi="3" ci="0" mb="2" cb="0"/><line nr="2256" mi="4" ci="0" mb="0" cb="0"/><line nr="2258" mi="3" ci="0" mb="0" cb="0"/><line nr="2261" mi="4" ci="0" mb="2" cb="0"/><line nr="2262" mi="4" ci="0" mb="0" cb="0"/><line nr="2264" mi="3" ci="0" mb="0" cb="0"/><line nr="2267" mi="4" ci="0" mb="2" cb="0"/><line nr="2268" mi="4" ci="0" mb="0" cb="0"/><line nr="2270" mi="3" ci="0" mb="0" cb="0"/><line nr="2273" mi="3" ci="0" mb="2" cb="0"/><line nr="2274" mi="4" ci="0" mb="0" cb="0"/><line nr="2276" mi="3" ci="0" mb="0" cb="0"/><line nr="2279" mi="3" ci="0" mb="2" cb="0"/><line nr="2280" mi="4" ci="0" mb="0" cb="0"/><line nr="2282" mi="3" ci="0" mb="0" cb="0"/><line nr="2285" mi="3" ci="0" mb="2" cb="0"/><line nr="2286" mi="4" ci="0" mb="0" cb="0"/><line nr="2288" mi="3" ci="0" mb="0" cb="0"/><line nr="2291" mi="4" ci="0" mb="2" cb="0"/><line nr="2292" mi="4" ci="0" mb="0" cb="0"/><line nr="2294" mi="3" ci="0" mb="0" cb="0"/><line nr="2297" mi="4" ci="0" mb="2" cb="0"/><line nr="2298" mi="4" ci="0" mb="0" cb="0"/><line nr="2300" mi="3" ci="0" mb="0" cb="0"/><line nr="2303" mi="3" ci="0" mb="2" cb="0"/><line nr="2304" mi="4" ci="0" mb="0" cb="0"/><line nr="2306" mi="3" ci="0" mb="0" cb="0"/><line nr="2309" mi="3" ci="0" mb="2" cb="0"/><line nr="2310" mi="4" ci="0" mb="0" cb="0"/><line nr="2312" mi="3" ci="0" mb="0" cb="0"/><line nr="2315" mi="3" ci="0" mb="2" cb="0"/><line nr="2316" mi="4" ci="0" mb="0" cb="0"/><line nr="2318" mi="3" ci="0" mb="0" cb="0"/><line nr="2321" mi="4" ci="0" mb="2" cb="0"/><line nr="2322" mi="4" ci="0" mb="0" cb="0"/><line nr="2324" mi="3" ci="0" mb="0" cb="0"/><line nr="2327" mi="4" ci="0" mb="2" cb="0"/><line nr="2328" mi="4" ci="0" mb="0" cb="0"/><line nr="2330" mi="3" ci="0" mb="0" cb="0"/><line nr="2333" mi="3" ci="0" mb="2" cb="0"/><line nr="2334" mi="4" ci="0" mb="0" cb="0"/><line nr="2336" mi="3" ci="0" mb="0" cb="0"/><line nr="2339" mi="3" ci="0" mb="2" cb="0"/><line nr="2340" mi="4" ci="0" mb="0" cb="0"/><line nr="2342" mi="3" ci="0" mb="0" cb="0"/><line nr="2345" mi="3" ci="0" mb="2" cb="0"/><line nr="2346" mi="4" ci="0" mb="0" cb="0"/><line nr="2348" mi="3" ci="0" mb="0" cb="0"/><line nr="2351" mi="4" ci="0" mb="2" cb="0"/><line nr="2352" mi="4" ci="0" mb="0" cb="0"/><line nr="2354" mi="3" ci="0" mb="0" cb="0"/><line nr="2357" mi="4" ci="0" mb="2" cb="0"/><line nr="2358" mi="4" ci="0" mb="0" cb="0"/><line nr="2360" mi="3" ci="0" mb="0" cb="0"/><line nr="2363" mi="3" ci="0" mb="2" cb="0"/><line nr="2364" mi="4" ci="0" mb="0" cb="0"/><line nr="2366" mi="3" ci="0" mb="0" cb="0"/><line nr="2369" mi="3" ci="0" mb="2" cb="0"/><line nr="2370" mi="4" ci="0" mb="0" cb="0"/><line nr="2372" mi="3" ci="0" mb="0" cb="0"/><line nr="2375" mi="3" ci="0" mb="2" cb="0"/><line nr="2376" mi="4" ci="0" mb="0" cb="0"/><line nr="2378" mi="3" ci="0" mb="0" cb="0"/><line nr="2381" mi="4" ci="0" mb="2" cb="0"/><line nr="2382" mi="4" ci="0" mb="0" cb="0"/><line nr="2384" mi="3" ci="0" mb="0" cb="0"/><line nr="2387" mi="4" ci="0" mb="2" cb="0"/><line nr="2388" mi="4" ci="0" mb="0" cb="0"/><line nr="2390" mi="3" ci="0" mb="0" cb="0"/><line nr="2393" mi="3" ci="0" mb="2" cb="0"/><line nr="2394" mi="4" ci="0" mb="0" cb="0"/><line nr="2396" mi="3" ci="0" mb="0" cb="0"/><line nr="2399" mi="3" ci="0" mb="2" cb="0"/><line nr="2400" mi="4" ci="0" mb="0" cb="0"/><line nr="2402" mi="3" ci="0" mb="0" cb="0"/><line nr="2405" mi="3" ci="0" mb="2" cb="0"/><line nr="2406" mi="4" ci="0" mb="0" cb="0"/><line nr="2408" mi="3" ci="0" mb="0" cb="0"/><line nr="2411" mi="4" ci="0" mb="2" cb="0"/><line nr="2412" mi="4" ci="0" mb="0" cb="0"/><line nr="2414" mi="3" ci="0" mb="0" cb="0"/><line nr="2417" mi="4" ci="0" mb="2" cb="0"/><line nr="2418" mi="4" ci="0" mb="0" cb="0"/><line nr="2420" mi="3" ci="0" mb="0" cb="0"/><line nr="2423" mi="3" ci="0" mb="2" cb="0"/><line nr="2424" mi="4" ci="0" mb="0" cb="0"/><line nr="2426" mi="3" ci="0" mb="0" cb="0"/><line nr="2429" mi="3" ci="0" mb="2" cb="0"/><line nr="2430" mi="4" ci="0" mb="0" cb="0"/><line nr="2432" mi="3" ci="0" mb="0" cb="0"/><line nr="2435" mi="3" ci="0" mb="2" cb="0"/><line nr="2436" mi="4" ci="0" mb="0" cb="0"/><line nr="2438" mi="3" ci="0" mb="0" cb="0"/><line nr="2441" mi="4" ci="0" mb="2" cb="0"/><line nr="2442" mi="4" ci="0" mb="0" cb="0"/><line nr="2444" mi="3" ci="0" mb="0" cb="0"/><line nr="2447" mi="4" ci="0" mb="2" cb="0"/><line nr="2448" mi="4" ci="0" mb="0" cb="0"/><line nr="2450" mi="3" ci="0" mb="0" cb="0"/><line nr="2453" mi="3" ci="0" mb="2" cb="0"/><line nr="2454" mi="4" ci="0" mb="0" cb="0"/><line nr="2456" mi="3" ci="0" mb="0" cb="0"/><line nr="2459" mi="3" ci="0" mb="2" cb="0"/><line nr="2460" mi="4" ci="0" mb="0" cb="0"/><line nr="2462" mi="3" ci="0" mb="0" cb="0"/><line nr="2465" mi="3" ci="0" mb="2" cb="0"/><line nr="2466" mi="4" ci="0" mb="0" cb="0"/><line nr="2468" mi="3" ci="0" mb="0" cb="0"/><line nr="2471" mi="4" ci="0" mb="2" cb="0"/><line nr="2472" mi="4" ci="0" mb="0" cb="0"/><line nr="2474" mi="3" ci="0" mb="0" cb="0"/><line nr="2477" mi="4" ci="0" mb="2" cb="0"/><line nr="2478" mi="4" ci="0" mb="0" cb="0"/><line nr="2480" mi="3" ci="0" mb="0" cb="0"/><line nr="2483" mi="3" ci="0" mb="2" cb="0"/><line nr="2484" mi="4" ci="0" mb="0" cb="0"/><line nr="2486" mi="3" ci="0" mb="0" cb="0"/><line nr="2489" mi="3" ci="0" mb="2" cb="0"/><line nr="2490" mi="4" ci="0" mb="0" cb="0"/><line nr="2492" mi="3" ci="0" mb="0" cb="0"/><line nr="2495" mi="3" ci="0" mb="2" cb="0"/><line nr="2496" mi="4" ci="0" mb="0" cb="0"/><line nr="2498" mi="3" ci="0" mb="0" cb="0"/><line nr="2501" mi="4" ci="0" mb="2" cb="0"/><line nr="2502" mi="4" ci="0" mb="0" cb="0"/><line nr="2504" mi="3" ci="0" mb="0" cb="0"/><line nr="2507" mi="4" ci="0" mb="2" cb="0"/><line nr="2508" mi="4" ci="0" mb="0" cb="0"/><line nr="2510" mi="3" ci="0" mb="0" cb="0"/><line nr="2513" mi="3" ci="0" mb="2" cb="0"/><line nr="2514" mi="4" ci="0" mb="0" cb="0"/><line nr="2516" mi="3" ci="0" mb="0" cb="0"/><line nr="2519" mi="3" ci="0" mb="2" cb="0"/><line nr="2520" mi="4" ci="0" mb="0" cb="0"/><line nr="2522" mi="3" ci="0" mb="0" cb="0"/><line nr="2525" mi="3" ci="0" mb="2" cb="0"/><line nr="2526" mi="4" ci="0" mb="0" cb="0"/><line nr="2528" mi="3" ci="0" mb="0" cb="0"/><line nr="2531" mi="4" ci="0" mb="2" cb="0"/><line nr="2532" mi="4" ci="0" mb="0" cb="0"/><line nr="2534" mi="3" ci="0" mb="0" cb="0"/><line nr="2537" mi="4" ci="0" mb="2" cb="0"/><line nr="2538" mi="4" ci="0" mb="0" cb="0"/><line nr="2540" mi="3" ci="0" mb="0" cb="0"/><line nr="2543" mi="3" ci="0" mb="2" cb="0"/><line nr="2544" mi="4" ci="0" mb="0" cb="0"/><line nr="2546" mi="3" ci="0" mb="0" cb="0"/><line nr="2549" mi="3" ci="0" mb="2" cb="0"/><line nr="2550" mi="4" ci="0" mb="0" cb="0"/><line nr="2552" mi="3" ci="0" mb="0" cb="0"/><line nr="2555" mi="3" ci="0" mb="2" cb="0"/><line nr="2556" mi="4" ci="0" mb="0" cb="0"/><line nr="2558" mi="3" ci="0" mb="0" cb="0"/><line nr="2561" mi="4" ci="0" mb="2" cb="0"/><line nr="2562" mi="4" ci="0" mb="0" cb="0"/><line nr="2564" mi="3" ci="0" mb="0" cb="0"/><line nr="2567" mi="4" ci="0" mb="2" cb="0"/><line nr="2568" mi="4" ci="0" mb="0" cb="0"/><line nr="2570" mi="3" ci="0" mb="0" cb="0"/><line nr="2573" mi="3" ci="0" mb="2" cb="0"/><line nr="2574" mi="4" ci="0" mb="0" cb="0"/><line nr="2576" mi="3" ci="0" mb="0" cb="0"/><line nr="2579" mi="3" ci="0" mb="2" cb="0"/><line nr="2580" mi="4" ci="0" mb="0" cb="0"/><line nr="2582" mi="3" ci="0" mb="0" cb="0"/><line nr="2585" mi="3" ci="0" mb="2" cb="0"/><line nr="2586" mi="4" ci="0" mb="0" cb="0"/><line nr="2588" mi="3" ci="0" mb="0" cb="0"/><line nr="2591" mi="4" ci="0" mb="2" cb="0"/><line nr="2592" mi="4" ci="0" mb="0" cb="0"/><line nr="2594" mi="3" ci="0" mb="0" cb="0"/><line nr="2597" mi="4" ci="0" mb="2" cb="0"/><line nr="2598" mi="4" ci="0" mb="0" cb="0"/><line nr="2600" mi="3" ci="0" mb="0" cb="0"/><line nr="2603" mi="3" ci="0" mb="2" cb="0"/><line nr="2604" mi="4" ci="0" mb="0" cb="0"/><line nr="2606" mi="3" ci="0" mb="0" cb="0"/><line nr="2609" mi="3" ci="0" mb="2" cb="0"/><line nr="2610" mi="4" ci="0" mb="0" cb="0"/><line nr="2612" mi="3" ci="0" mb="0" cb="0"/><line nr="2615" mi="3" ci="0" mb="2" cb="0"/><line nr="2616" mi="4" ci="0" mb="0" cb="0"/><line nr="2618" mi="3" ci="0" mb="0" cb="0"/><line nr="2621" mi="4" ci="0" mb="2" cb="0"/><line nr="2622" mi="4" ci="0" mb="0" cb="0"/><line nr="2624" mi="3" ci="0" mb="0" cb="0"/><line nr="2627" mi="4" ci="0" mb="2" cb="0"/><line nr="2628" mi="4" ci="0" mb="0" cb="0"/><line nr="2630" mi="3" ci="0" mb="0" cb="0"/><line nr="2633" mi="3" ci="0" mb="2" cb="0"/><line nr="2634" mi="4" ci="0" mb="0" cb="0"/><line nr="2636" mi="3" ci="0" mb="0" cb="0"/><line nr="2639" mi="3" ci="0" mb="2" cb="0"/><line nr="2640" mi="4" ci="0" mb="0" cb="0"/><line nr="2642" mi="3" ci="0" mb="0" cb="0"/><line nr="2645" mi="3" ci="0" mb="2" cb="0"/><line nr="2646" mi="4" ci="0" mb="0" cb="0"/><line nr="2648" mi="3" ci="0" mb="0" cb="0"/><line nr="2651" mi="4" ci="0" mb="2" cb="0"/><line nr="2652" mi="4" ci="0" mb="0" cb="0"/><line nr="2654" mi="3" ci="0" mb="0" cb="0"/><line nr="2657" mi="4" ci="0" mb="2" cb="0"/><line nr="2658" mi="4" ci="0" mb="0" cb="0"/><line nr="2660" mi="3" ci="0" mb="0" cb="0"/><line nr="2663" mi="3" ci="0" mb="2" cb="0"/><line nr="2664" mi="4" ci="0" mb="0" cb="0"/><line nr="2666" mi="3" ci="0" mb="0" cb="0"/><line nr="2669" mi="3" ci="0" mb="2" cb="0"/><line nr="2670" mi="4" ci="0" mb="0" cb="0"/><line nr="2672" mi="3" ci="0" mb="0" cb="0"/><line nr="2675" mi="3" ci="0" mb="2"
[...]
 mi="3" ci="0" mb="0" cb="0"/><line nr="78" mi="4" ci="0" mb="0" cb="0"/><line nr="79" mi="3" ci="0" mb="0" cb="0"/><line nr="80" mi="3" ci="0" mb="0" cb="0"/><line nr="81" mi="2" ci="0" mb="0" cb="0"/><counter type="INSTRUCTION" missed="280" covered="0"/><counter type="BRANCH" missed="32" covered="0"/><counter type="LINE" missed="50" covered="0"/><counter type="COMPLEXITY" missed="19" covered="0"/><counter type="METHOD" missed="3" covered="0"/><counter type="CLASS" missed="1" covered="0"/></sourcefile><counter type="INSTRUCTION" missed="40156" covered="0"/><counter type="BRANCH" missed="5874" covered="0"/><counter type="LINE" missed="7998" covered="0"/><counter type="COMPLEXITY" missed="2982" covered="0"/><counter type="METHOD" missed="43" covered="0"/><counter type="CLASS" missed="8" covered="0"/></package><package name="br/usp/larc"><class name="br/usp/larc/App" sourcefilename="App.java"><method name="main" desc="([Ljava/lang/String;)V" line="15"><counter type="INSTRUCTION" missed="4" covered="0"/><counter type="LINE" missed="2" covered="0"/><counter type="COMPLEXITY" missed="1" covered="0"/><counter type="METHOD" missed="1" covered="0"/></method><counter type="INSTRUCTION" missed="4" covered="0"/><counter type="LINE" missed="2" covered="0"/><counter type="COMPLEXITY" missed="1" covered="0"/><counter type="METHOD" missed="1" covered="0"/><counter type="CLASS" missed="1" covered="0"/></class><sourcefile name="App.java"><line nr="15" mi="3" ci="0" mb="0" cb="0"/><line nr="16" mi="1" ci="0" mb="0" cb="0"/><counter type="INSTRUCTION" missed="4" covered="0"/><counter type="LINE" missed="2" covered="0"/><counter type="COMPLEXITY" missed="1" covered="0"/><counter type="METHOD" missed="1" covered="0"/><counter type="CLASS" missed="1" covered="0"/></sourcefile><counter type="INSTRUCTION" missed="4" covered="0"/><counter type="LINE" missed="2" covered="0"/><counter type="COMPLEXITY" missed="1" covered="0"/><counter type="METHOD" missed="1" covered="0"/><counter type="CLASS" missed="1" covered="0"/></package><package name="br/usp/larc/Modifier"><class name="br/usp/larc/Modifier/LogFile" sourcefilename="LogFile.java"><method name="&lt;init&gt;" desc="()V" line="7"><counter type="INSTRUCTION" missed="3" covered="0"/><counter type="LINE" missed="1" covered="0"/><counter type="COMPLEXITY" missed="1" covered="0"/><counter type="METHOD" missed="1" covered="0"/></method><method name="write" desc="(Ljava/lang/String;Ljava/lang/String;Ljava/lang/String;[Ljava/lang/String;[Ljava/lang/Object;Z)V" line="10"><counter type="INSTRUCTION" missed="29" covered="0"/><counter type="LINE" missed="9" covered="0"/><counter type="COMPLEXITY" missed="1" covered="0"/><counter type="METHOD" missed="1" covered="0"/></method><method name="write" desc="(Ljava/lang/String;Ljava/lang/String;Ljava/lang/String;ZLjava/lang/String;[Ljava/lang/String;)V" line="29"><counter type="INSTRUCTION" missed="64" covered="0"/><counter type="LINE" missed="9" covered="0"/><counter type="COMPLEXITY" missed="1" covered="0"/><counter type="METHOD" missed="1" covered="0"/></method><method name="write" desc="(Ljava/lang/String;Ljava/lang/String;Ljava/lang/String;Z)V" line="45"><counter type="INSTRUCTION" missed="57" covered="0"/><counter type="LINE" missed="10" covered="0"/><counter type="COMPLEXITY" missed="1" covered="0"/><counter type="METHOD" missed="1" covered="0"/></method><counter type="INSTRUCTION" missed="153" covered="0"/><counter type="LINE" missed="29" covered="0"/><counter type="COMPLEXITY" missed="4" covered="0"/><counter type="METHOD" missed="4" covered="0"/><counter type="CLASS" missed="1" covered="0"/></class><class name="br/usp/larc/Modifier/AstFindAllConditionalModifier$1" sourcefilename="AstFindAllConditionalModifier.java"><method name="&lt;init&gt;" desc="([Ljava/lang/String;)V" line="79"><counter type="INSTRUCTION" missed="18" covered="0"/><counter type="LINE" missed="2" covered="0"/><counter type="COMPLEXITY" missed="1" covered="0"/><counter type="METHOD" missed="1" covered="0"/></method><method name="visit" desc="(Lcom/github/javaparser/ast/body/ClassOrInterfaceDeclaration;[Ljava/lang/String;)Lcom/github/javaparser/ast/visitor/Visitable;" line="84"><counter type="INSTRUCTION" missed="14" covered="0"/><counter type="LINE" missed="3" covered="0"/><counter type="COMPLEXITY" missed="1" covered="0"/><counter type="METHOD" missed="1" covered="0"/></method><method name="visit" desc="(Lcom/github/javaparser/ast/body/MethodDeclaration;[Ljava/lang/String;)Lcom/github/javaparser/ast/visitor/Visitable;" line="92"><counter type="INSTRUCTION" missed="32" covered="0"/><counter type="LINE" missed="5" covered="0"/><counter type="COMPLEXITY" missed="1" covered="0"/><counter type="METHOD" missed="1" covered="0"/></method><method name="lambda$visit$0" desc="([Ljava/lang/String;[Ljava/lang/Integer;Lcom/github/javaparser/ast/body/MethodDeclaration;Lcom/github/javaparser/ast/stmt/IfStmt;)V" line="98"><counter type="INSTRUCTION" missed="112" covered="0"/><counter type="BRANCH" missed="16" covered="0"/><counter type="LINE" missed="20" covered="0"/><counter type="COMPLEXITY" missed="9" covered="0"/><counter type="METHOD" missed="1" covered="0"/></method><counter type="INSTRUCTION" missed="176" covered="0"/><counter type="BRANCH" missed="16" covered="0"/><counter type="LINE" missed="30" covered="0"/><counter type="COMPLEXITY" missed="12" covered="0"/><counter type="METHOD" missed="4" covered="0"/><counter type="CLASS" missed="1" covered="0"/></class><class name="br/usp/larc/Modifier/AstFindAllConditionalModifier" sourcefilename="AstFindAllConditionalModifier.java"><method name="&lt;init&gt;" desc="()V" line="39"><counter type="INSTRUCTION" missed="3" covered="0"/><counter type="LINE" missed="1" covered="0"/><counter type="COMPLEXITY" missed="1" covered="0"/><counter type="METHOD" missed="1" covered="0"/></method><method name="main" desc="([Ljava/lang/String;)V" line="48"><counter type="INSTRUCTION" missed="146" covered="0"/><counter type="BRANCH" missed="6" covered="0"/><counter type="LINE" missed="32" covered="0"/><counter type="COMPLEXITY" missed="4" covered="0"/><counter type="METHOD" missed="1" covered="0"/></method><method name="findTopLevelIf" desc="(Lcom/github/javaparser/ast/Node;)Lcom/github/javaparser/ast/NodeList;" line="158"><counter type="INSTRUCTION" missed="35" covered="0"/><counter type="BRANCH" missed="4" covered="0"/><counter type="LINE" missed="9" covered="0"/><counter type="COMPLEXITY" missed="3" covered="0"/><counter type="METHOD" missed="1" covered="0"/></method><method name="createLogExpression" desc="(Lcom/github/javaparser/ast/NodeList;[Ljava/lang/String;Lcom/github/javaparser/ast/expr/Expression;)Lcom/github/javaparser/ast/stmt/ExpressionStmt;" line="175"><counter type="INSTRUCTION" missed="119" covered="0"/><counter type="BRANCH" missed="4" covered="0"/><counter type="LINE" missed="16" covered="0"/><counter type="COMPLEXITY" missed="3" covered="0"/><counter type="METHOD" missed="1" covered="0"/></method><method name="findAndAddLog" desc="(Lcom/github/javaparser/ast/stmt/IfStmt;[Ljava/lang/String;Ljava/lang/Integer;)V" line="264"><counter type="INSTRUCTION" missed="14" covered="0"/><counter type="LINE" missed="5" covered="0"/><counter type="COMPLEXITY" missed="1" covered="0"/><counter type="METHOD" missed="1" covered="0"/></method><method name="lambda$findAndAddLog$2" desc="([Ljava/lang/String;Lcom/github/javaparser/ast/expr/Expression;Ljava/lang/Integer;Lcom/github/javaparser/ast/NodeList;)V" line="285"><counter type="INSTRUCTION" missed="54" covered="0"/><counter type="BRANCH" missed="8" covered="0"/><counter type="LINE" missed="12" covered="0"/><counter type="COMPLEXITY" missed="5" covered="0"/><counter type="METHOD" missed="1" covered="0"/></method><method name="lambda$findAndAddLog$1" desc="(Lcom/github/javaparser/ast/stmt/IfStmt;Lcom/github/javaparser/ast/Node;)Lcom/github/javaparser/ast/NodeList;" line="269"><counter type="INSTRUCTION" missed="35" covered="0"/><counter type="BRANCH" missed="6" covered="0"/><counter type="LINE" missed="10" covered="0"/><counter type="COMPLEXITY" missed="4" covered="0"/><counter type="METHOD" missed="1" covered="0"/></method><method name="lambda$createLogExpression$0" desc="(Ljava/util/ArrayList;Ljava/util/ArrayList;Lcom/github/javaparser/ast/Node;)V" line="229"><counter type="INSTRUCTION" missed="51" covered="0"/><counter type="BRANCH" missed="6" covered="0"/><counter type="LINE" missed="15" covered="0"/><counter type="COMPLEXITY" missed="4" covered="0"/><counter type="METHOD" missed="1" covered="0"/></method><method name="&lt;clinit&gt;" desc="()V" line="41"><counter type="INSTRUCTION" missed="4" covered="0"/><counter type="LINE" missed="1" covered="0"/><counter type="COMPLEXITY" missed="1" covered="0"/><counter type="METHOD" missed="1" covered="0"/></method><counter type="INSTRUCTION" missed="461" covered="0"/><counter type="BRANCH" missed="34" covered="0"/><counter type="LINE" missed="101" covered="0"/><counter type="COMPLEXITY" missed="26" covered="0"/><counter type="METHOD" missed="9" covered="0"/><counter type="CLASS" missed="1" covered="0"/></class><class name="br/usp/larc/Modifier/FlaggedConditions" sourcefilename="FlaggedConditions.java"><method name="&lt;init&gt;" desc="()V" line="12"><counter type="INSTRUCTION" missed="3" covered="0"/><counter type="LINE" missed="1" covered="0"/><counter type="COMPLEXITY" missed="1" covered="0"/><counter type="METHOD" missed="1" covered="0"/></method><method name="main" desc="([Ljava/lang/String;)V" line="14"><counter type="INSTRUCTION" missed="4" covered="0"/><counter type="LINE" missed="2" covered="0"/><counter type="COMPLEXITY" missed="1" covered="0"/><counter type="METHOD" missed="1" covered="0"/></method><method name="getConditions" desc="()Ljava/util/Map;" line="18"><counter type="INSTRUCTION" missed="123" covered="0"/><counter type="BRANCH" missed="6" covered="0"/><counter type="LINE" missed="22" covered="0"/><counter type="COMPLEXITY" missed="4" covered="0"/><counter type="METHOD" missed="1" covered="0"/></method><counter type="INSTRUCTION" missed="130" covered="0"/><counter type="BRANCH" missed="6" covered="0"/><counter type="LINE" missed="25" covered="0"/><counter type="COMPLEXITY" missed="6" covered="0"/><counter type="METHOD" missed="3" covered="0"/><counter type="CLASS" missed="1" covered="0"/></class><sourcefile name="AstFindAllConditionalModifier.java"><line nr="39" mi="3" ci="0" mb="0" cb="0"/><line nr="41" mi="4" ci="0" mb="0" cb="0"/><line nr="48" mi="3" ci="0" mb="2" cb="0"/><line nr="49" mi="8" ci="0" mb="0" cb="0"/><line nr="51" mi="4" ci="0" mb="0" cb="0"/><line nr="52" mi="5" ci="0" mb="0" cb="0"/><line nr="54" mi="9" ci="0" mb="0" cb="0"/><line nr="55" mi="7" ci="0" mb="0" cb="0"/><line nr="56" mi="1" ci="0" mb="0" cb="0"/><line nr="63" mi="8" ci="0" mb="0" cb="0"/><line nr="64" mi="5" ci="0" mb="0" cb="0"/><line nr="67" mi="3" ci="0" mb="2" cb="0"/><line nr="68" mi="5" ci="0" mb="0" cb="0"/><line nr="69" mi="5" ci="0" mb="0" cb="0"/><line nr="70" mi="5" ci="0" mb="0" cb="0"/><line nr="71" mi="5" ci="0" mb="0" cb="0"/><line nr="72" mi="1" ci="0" mb="0" cb="0"/><line nr="73" mi="2" ci="0" mb="0" cb="0"/><line nr="74" mi="1" ci="0" mb="0" cb="0"/><line nr="77" mi="9" ci="0" mb="0" cb="0"/><line nr="79" mi="13" ci="0" mb="0" cb="0"/><line nr="80" mi="13" ci="0" mb="0" cb="0"/><line nr="84" mi="3" ci="0" mb="0" cb="0"/><line nr="85" mi="5" ci="0" mb="0" cb="0"/><line nr="87" mi="6" ci="0" mb="0" cb="0"/><line nr="92" mi="3" ci="0" mb="0" cb="0"/><line nr="93" mi="5" ci="0" mb="0" cb="0"/><line nr="95" mi="8" ci="0" mb="0" cb="0"/><line nr="97" mi="10" ci="0" mb="0" cb="0"/><line nr="98" mi="4" ci="0" mb="0" cb="0"/><line nr="99" mi="3" ci="0" mb="0" cb="0"/><line nr="100" mi="3" ci="0" mb="2" cb="0"/><line nr="101" mi="6" ci="0" mb="0" cb="0"/><line nr="104" mi="3" ci="0" mb="2" cb="0"/><line nr="106" mi="2" ci="0" mb="0" cb="0"/><line nr="107" mi="1" ci="0" mb="0" cb="0"/><line nr="108" mi="2" ci="0" mb="0" cb="0"/><line nr="109" mi="1" ci="0" mb="0" cb="0"/><line nr="112" mi="16" ci="0" mb="0" cb="0"/><line nr="113" mi="3" ci="0" mb="0" cb="0"/><line nr="114" mi="3" ci="0" mb="0" cb="0"/><line nr="115" mi="21" ci="0" mb="0" cb="0"/><line nr="117" mi="5" ci="0" mb="0" cb="0"/><line nr="118" mi="16" ci="0" mb="4" cb="0"/><line nr="120" mi="9" ci="0" mb="6" cb="0"/><line nr="121" mi="4" ci="0" mb="2" cb="0"/><line nr="122" mi="4" ci="0" mb="0" cb="0"/><line nr="124" mi="5" ci="0" mb="0" cb="0"/><line nr="126" mi="1" ci="0" mb="0" cb="0"/><line nr="128" mi="6" ci="0" mb="0" cb="0"/><line nr="136" mi="2" ci="0" mb="0" cb="0"/><line nr="137" mi="5" ci="0" mb="0" cb="0"/><line nr="140" mi="4" ci="0" mb="0" cb="0"/><line nr="143" mi="13" ci="0" mb="0" cb="0"/><line nr="145" mi="3" ci="0" mb="2" cb="0"/><line nr="147" mi="5" ci="0" mb="0" cb="0"/><line nr="148" mi="5" ci="0" mb="0" cb="0"/><line nr="149" mi="5" ci="0" mb="0" cb="0"/><line nr="150" mi="5" ci="0" mb="0" cb="0"/><line nr="151" mi="1" ci="0" mb="0" cb="0"/><line nr="152" mi="2" ci="0" mb="0" cb="0"/><line nr="153" mi="1" ci="0" mb="0" cb="0"/><line nr="155" mi="1" ci="0" mb="0" cb="0"/><line nr="158" mi="3" ci="0" mb="0" cb="0"/><line nr="159" mi="2" ci="0" mb="0" cb="0"/><line nr="160" mi="4" ci="0" mb="0" cb="0"/><line nr="162" mi="4" ci="0" mb="2" cb="0"/><line nr="163" mi="5" ci="0" mb="0" cb="0"/><line nr="164" mi="5" ci="0" mb="2" cb="0"/><line nr="165" mi="4" ci="0" mb="0" cb="0"/><line nr="168" mi="6" ci="0" mb="0" cb="0"/><line nr="171" mi="2" ci="0" mb="0" cb="0"/><line nr="175" mi="15" ci="0" mb="0" cb="0"/><line nr="176" mi="2" ci="0" mb="0" cb="0"/><line nr="217" mi="24" ci="0" mb="0" cb="0"/><line nr="221" mi="8" ci="0" mb="0" cb="0"/><line nr="223" mi="4" ci="0" mb="0" cb="0"/><line nr="226" mi="4" ci="0" mb="0" cb="0"/><line nr="227" mi="4" ci="0" mb="0" cb="0"/><line nr="228" mi="6" ci="0" mb="0" cb="0"/><line nr="229" mi="4" ci="0" mb="2" cb="0"/><line nr="230" mi="3" ci="0" mb="0" cb="0"/><line nr="231" mi="4" ci="0" mb="0" cb="0"/><line nr="232" mi="5" ci="0" mb="0" cb="0"/><line nr="233" mi="1" ci="0" mb="0" cb="0"/><line nr="234" mi="4" ci="0" mb="2" cb="0"/><line nr="235" mi="3" ci="0" mb="0" cb="0"/><line nr="236" mi="4" ci="0" mb="0" cb="0"/><line nr="237" mi="5" ci="0" mb="0" cb="0"/><line nr="238" mi="1" ci="0" mb="0" cb="0"/><line nr="239" mi="4" ci="0" mb="2" cb="0"/><line nr="240" mi="3" ci="0" mb="0" cb="0"/><line nr="241" mi="4" ci="0" mb="0" cb="0"/><line nr="242" mi="5" ci="0" mb="0" cb="0"/><line nr="244" mi="1" ci="0" mb="0" cb="0"/><line nr="246" mi="3" ci="0" mb="2" cb="0"/><line nr="247" mi="8" ci="0" mb="0" cb="0"/><line nr="250" mi="4" ci="0" mb="0" cb="0"/><line nr="251" mi="8" ci="0" mb="2" cb="0"/><line nr="252" mi="7" ci="0" mb="0" cb="0"/><line nr="253" mi="15" ci="0" mb="0" cb="0"/><line nr="259" mi="5" ci="0" mb="0" cb="0"/><line nr="260" mi="2" ci="0" mb="0" cb="0"/><line nr="264" mi="3" ci="0" mb="0" cb="0"/><line nr="266" mi="4" ci="0" mb="0" cb="0"/><line nr="268" mi="5" ci="0" mb="0" cb="0"/><line nr="269" mi="2" ci="0" mb="0" cb="0"/><line nr="270" mi="4" ci="0" mb="0" cb="0"/><line nr="271" mi="4" ci="0" mb="2" cb="0"/><line nr="272" mi="3" ci="0" mb="0" cb="0"/><line nr="274" mi="5" ci="0" mb="2" cb="0"/><line nr="275" mi="3" ci="0" mb="0" cb="0"/><line nr="276" mi="3" ci="0" mb="0" cb="0"/><line nr="278" mi="5" ci="0" mb="2" cb="0"/><line nr="279" mi="4" ci="0" mb="0" cb="0"/><line nr="282" mi="2" ci="0" mb="0" cb="0"/><line nr="284" mi="1" ci="0" mb="0" cb="0"/><line nr="285" mi="3" ci="0" mb="2" cb="0"/><line nr="286" mi="5" ci="0" mb="0" cb="0"/><line nr="290" mi="3" ci="0" mb="0" cb="0"/><line nr="291" mi="3" ci="0" mb="0" cb="0"/><line nr="292" mi="8" ci="0" mb="2" cb="0"/><line nr="293" mi="5" ci="0" mb="0" cb="0"/><line nr="294" mi="5" ci="0" mb="2" cb="0"/><line nr="295" mi="10" ci="0" mb="0" cb="0"/><line nr="296" mi="3" ci="0" mb="2" cb="0"/><line nr="297" mi="3" ci="0" mb="0" cb="0"/><line nr="301" mi="5" ci="0" mb="0" cb="0"/><line nr="303" mi="1" ci="0" mb="0" cb="0"/><line nr="304" mi="1" ci="0" mb="0" cb="0"/><counter type="INSTRUCTION" missed="637" covered="0"/><counter type="BRANCH" missed="50" covered="0"/><counter type="LINE" missed="130" covered="0"/><counter type="COMPLEXITY" missed="38" covered="0"/><counter type="METHOD" missed="13" covered="0"/><counter type="CLASS" missed="2" covered="0"/></sourcefile><sourcefile name="LogFile.java"><line nr="7" mi="3" ci="0" mb="0" cb="0"/><line nr="10" mi="6" ci="0" mb="0" cb="0"/><line nr="12" mi="3" ci="0" mb="0" cb="0"/><line nr="18" mi="9" ci="0" mb="0" cb="0"/><line nr="20" mi="3" ci="0" mb="0" cb="0"/><line nr="21" mi="1" ci="0" mb="0" cb="0"/><line nr="22" mi="3" ci="0" mb="0" cb="0"/><line nr="23" mi="1" ci="0" mb="0" cb="0"/><line nr="24" mi="2" ci="0" mb="0" cb="0"/><line nr="25" mi="1" ci="0" mb="0" cb="0"/><line nr="29" mi="6" ci="0" mb="0" cb="0"/><line nr="30" mi="15" ci="0" mb="0" cb="0"/><line nr="32" mi="32" ci="0" mb="0" cb="0"/><line nr="34" mi="3" ci="0" mb="0" cb="0"/><line nr="35" mi="1" ci="0" mb="0" cb="0"/><line nr="36" mi="3" ci="0" mb="0" cb="0"/><line nr="37" mi="1" ci="0" mb="0" cb="0"/><line nr="39" mi="2" ci="0" mb="0" cb="0"/><line nr="40" mi="1" ci="0" mb="0" cb="0"/><line nr="45" mi="6" ci="0" mb="0" cb="0"/><line nr="46" mi="15" ci="0" mb="0" cb="0"/><line nr="48" mi="3" ci="0" mb="0" cb="0"/><line nr="49" mi="22" ci="0" mb="0" cb="0"/><line nr="51" mi="3" ci="0" mb="0" cb="0"/><line nr="52" mi="1" ci="0" mb="0" cb="0"/><line nr="53" mi="3" ci="0" mb="0" cb="0"/><line nr="54" mi="1" ci="0" mb="0" cb="0"/><line nr="55" mi="2" ci="0" mb="0" cb="0"/><line nr="56" mi="1" ci="0" mb="0" cb="0"/><counter type="INSTRUCTION" missed="153" covered="0"/><counter type="LINE" missed="29" covered="0"/><counter type="COMPLEXITY" missed="4" covered="0"/><counter type="METHOD" missed="4" covered="0"/><counter type="CLASS" missed="1" covered="0"/></sourcefile><sourcefile name="FlaggedConditions.java"><line nr="12" mi="3" ci="0" mb="0" cb="0"/><line nr="14" mi="3" ci="0" mb="0" cb="0"/><line nr="15" mi="1" ci="0" mb="0" cb="0"/><line nr="18" mi="4" ci="0" mb="0" cb="0"/><line nr="21" mi="6" ci="0" mb="0" cb="0"/><line nr="26" mi="7" ci="0" mb="0" cb="0"/><line nr="27" mi="5" ci="0" mb="0" cb="0"/><line nr="29" mi="3" ci="0" mb="2" cb="0"/><line nr="30" mi="3" ci="0" mb="0" cb="0"/><line nr="31" mi="4" ci="0" mb="0" cb="0"/><line nr="33" mi="4" ci="0" mb="0" cb="0"/><line nr="34" mi="4" ci="0" mb="0" cb="0"/><line nr="35" mi="4" ci="0" mb="0" cb="0"/><line nr="36" mi="4" ci="0" mb="0" cb="0"/><line nr="37" mi="17" ci="0" mb="2" cb="0"/><line nr="38" mi="4" ci="0" mb="0" cb="0"/><line nr="39" mi="4" ci="0" mb="0" cb="0"/><line nr="40" mi="18" ci="0" mb="0" cb="0"/><line nr="41" mi="1" ci="0" mb="0" cb="0"/><line nr="42" mi="18" ci="0" mb="0" cb="0"/><line nr="43" mi="4" ci="0" mb="2" cb="0"/><line nr="44" mi="4" ci="0" mb="0" cb="0"/><line nr="47" mi="1" ci="0" mb="0" cb="0"/><line nr="48" mi="2" ci="0" mb="0" cb="0"/><line nr="49" mi="2" ci="0" mb="0" cb="0"/><counter type="INSTRUCTION" missed="130" covered="0"/><counter type="BRANCH" missed="6" covered="0"/><counter type="LINE" missed="25" covered="0"/><counter type="COMPLEXITY" missed="6" covered="0"/><counter type="METHOD" missed="3" covered="0"/><counter type="CLASS" missed="1" covered="0"/></sourcefile><counter type="INSTRUCTION" missed="920" covered="0"/><counter type="BRANCH" missed="56" covered="0"/><counter type="LINE" missed="184" covered="0"/><counter type="COMPLEXITY" missed="48" covered="0"/><counter type="METHOD" missed="20" covered="0"/><counter type="CLASS" missed="4" covered="0"/></package><counter type="INSTRUCTION" missed="41080" covered="0"/><counter type="BRANCH" missed="5930" covered="0"/><counter type="LINE" missed="8184" covered="0"/><counter type="COMPLEXITY" missed="3031" covered="0"/><counter type="METHOD" missed="64" covered="0"/><counter type="CLASS" missed="13" covered="0"/></report>